<?xml version="1.0" encoding="UTF-8"?>
<coverage generated="1647335038917" clover="3.2.0">
  <project timestamp="1647335038917" name="All files">
    <metrics statements="289" coveredstatements="106" conditionals="150" coveredconditionals="90" methods="89" coveredmethods="27" elements="528" coveredelements="223" complexity="0" loc="289" ncloc="289" packages="19" files="44" classes="44"/>
    <package name="src">
      <metrics statements="81" coveredstatements="0" conditionals="26" coveredconditionals="0" methods="20" coveredmethods="0"/>
      <file name="App.tsx" path="/Users/kaushiktummalapalli/Desktop/Blinkist_Application/application/src/App.tsx">
        <metrics statements="70" coveredstatements="0" conditionals="22" coveredconditionals="0" methods="18" coveredmethods="0"/>
        <line num="32" count="0" type="stmt"/>
        <line num="34" count="0" type="stmt"/>
        <line num="45" count="0" type="stmt"/>
        <line num="46" count="0" type="stmt"/>
        <line num="47" count="0" type="stmt"/>
        <line num="48" count="0" type="stmt"/>
        <line num="49" count="0" type="stmt"/>
        <line num="50" count="0" type="stmt"/>
        <line num="51" count="0" type="stmt"/>
        <line num="52" count="0" type="stmt"/>
        <line num="53" count="0" type="stmt"/>
        <line num="54" count="0" type="stmt"/>
        <line num="55" count="0" type="stmt"/>
        <line num="57" count="0" type="cond" truecount="0" falsecount="4"/>
        <line num="58" count="0" type="stmt"/>
        <line num="59" count="0" type="stmt"/>
        <line num="60" count="0" type="stmt"/>
        <line num="61" count="0" type="stmt"/>
        <line num="62" count="0" type="stmt"/>
        <line num="63" count="0" type="stmt"/>
        <line num="64" count="0" type="stmt"/>
        <line num="66" count="0" type="stmt"/>
        <line num="67" count="0" type="stmt"/>
        <line num="70" count="0" type="stmt"/>
        <line num="73" count="0" type="cond" truecount="0" falsecount="2"/>
        <line num="74" count="0" type="stmt"/>
        <line num="75" count="0" type="stmt"/>
        <line num="77" count="0" type="stmt"/>
        <line num="78" count="0" type="cond" truecount="0" falsecount="2"/>
        <line num="79" count="0" type="stmt"/>
        <line num="82" count="0" type="stmt"/>
        <line num="83" count="0" type="stmt"/>
        <line num="84" count="0" type="cond" truecount="0" falsecount="2"/>
        <line num="85" count="0" type="stmt"/>
        <line num="86" count="0" type="stmt"/>
        <line num="87" count="0" type="stmt"/>
        <line num="88" count="0" type="stmt"/>
        <line num="90" count="0" type="stmt"/>
        <line num="92" count="0" type="stmt"/>
        <line num="93" count="0" type="stmt"/>
        <line num="94" count="0" type="stmt"/>
        <line num="97" count="0" type="cond" truecount="0" falsecount="2"/>
        <line num="98" count="0" type="stmt"/>
        <line num="99" count="0" type="stmt"/>
        <line num="100" count="0" type="cond" truecount="0" falsecount="2"/>
        <line num="101" count="0" type="stmt"/>
        <line num="102" count="0" type="stmt"/>
        <line num="104" count="0" type="stmt"/>
        <line num="106" count="0" type="stmt"/>
        <line num="110" count="0" type="stmt"/>
        <line num="111" count="0" type="stmt"/>
        <line num="112" count="0" type="stmt"/>
        <line num="113" count="0" type="stmt"/>
        <line num="114" count="0" type="cond" truecount="0" falsecount="2"/>
        <line num="115" count="0" type="stmt"/>
        <line num="117" count="0" type="stmt"/>
        <line num="119" count="0" type="stmt"/>
        <line num="120" count="0" type="stmt"/>
        <line num="121" count="0" type="stmt"/>
        <line num="122" count="0" type="stmt"/>
        <line num="123" count="0" type="cond" truecount="0" falsecount="2"/>
        <line num="124" count="0" type="stmt"/>
        <line num="125" count="0" type="stmt"/>
        <line num="127" count="0" type="stmt"/>
        <line num="146" count="0" type="stmt"/>
        <line num="150" count="0" type="stmt"/>
        <line num="151" count="0" type="stmt"/>
        <line num="152" count="0" type="stmt"/>
        <line num="171" count="0" type="stmt"/>
        <line num="172" count="0" type="stmt"/>
      </file>
      <file name="index.tsx" path="/Users/kaushiktummalapalli/Desktop/Blinkist_Application/application/src/index.tsx">
        <metrics statements="2" coveredstatements="0" conditionals="0" coveredconditionals="0" methods="0" coveredmethods="0"/>
        <line num="8" count="0" type="stmt"/>
        <line num="18" count="0" type="stmt"/>
      </file>
      <file name="reportWebVitals.ts" path="/Users/kaushiktummalapalli/Desktop/Blinkist_Application/application/src/reportWebVitals.ts">
        <metrics statements="8" coveredstatements="0" conditionals="4" coveredconditionals="0" methods="2" coveredmethods="0"/>
        <line num="3" count="0" type="stmt"/>
        <line num="4" count="0" type="cond" truecount="0" falsecount="4"/>
        <line num="5" count="0" type="stmt"/>
        <line num="6" count="0" type="stmt"/>
        <line num="7" count="0" type="stmt"/>
        <line num="8" count="0" type="stmt"/>
        <line num="9" count="0" type="stmt"/>
        <line num="10" count="0" type="stmt"/>
      </file>
      <file name="theme.tsx" path="/Users/kaushiktummalapalli/Desktop/Blinkist_Application/application/src/theme.tsx">
        <metrics statements="1" coveredstatements="0" conditionals="0" coveredconditionals="0" methods="0" coveredmethods="0"/>
        <line num="3" count="0" type="stmt"/>
      </file>
    </package>
    <package name="src.components.atoms.Icon">
      <metrics statements="59" coveredstatements="49" conditionals="48" coveredconditionals="47" methods="2" coveredmethods="1"/>
      <file name="icon.stories.tsx" path="/Users/kaushiktummalapalli/Desktop/Blinkist_Application/application/src/components/atoms/Icon/icon.stories.tsx">
        <metrics statements="9" coveredstatements="0" conditionals="0" coveredconditionals="0" methods="1" coveredmethods="0"/>
        <line num="9" count="0" type="stmt"/>
        <line num="11" count="0" type="stmt"/>
        <line num="12" count="0" type="stmt"/>
        <line num="16" count="0" type="stmt"/>
        <line num="17" count="0" type="stmt"/>
        <line num="21" count="0" type="stmt"/>
        <line num="22" count="0" type="stmt"/>
        <line num="26" count="0" type="stmt"/>
        <line num="27" count="0" type="stmt"/>
      </file>
      <file name="icons.tsx" path="/Users/kaushiktummalapalli/Desktop/Blinkist_Application/application/src/components/atoms/Icon/icons.tsx">
        <metrics statements="50" coveredstatements="49" conditionals="48" coveredconditionals="47" methods="1" coveredmethods="1"/>
        <line num="29" count="8" type="stmt"/>
        <line num="30" count="93" type="cond" truecount="2" falsecount="0"/>
        <line num="31" count="3" type="stmt"/>
        <line num="34" count="90" type="cond" truecount="2" falsecount="0"/>
        <line num="35" count="7" type="stmt"/>
        <line num="38" count="83" type="cond" truecount="2" falsecount="0"/>
        <line num="39" count="1" type="stmt"/>
        <line num="42" count="82" type="cond" truecount="2" falsecount="0"/>
        <line num="43" count="5" type="stmt"/>
        <line num="46" count="77" type="cond" truecount="2" falsecount="0"/>
        <line num="47" count="4" type="stmt"/>
        <line num="50" count="73" type="cond" truecount="2" falsecount="0"/>
        <line num="51" count="3" type="stmt"/>
        <line num="54" count="70" type="cond" truecount="2" falsecount="0"/>
        <line num="55" count="10" type="stmt"/>
        <line num="58" count="60" type="cond" truecount="2" falsecount="0"/>
        <line num="59" count="9" type="stmt"/>
        <line num="62" count="51" type="cond" truecount="1" falsecount="1"/>
        <line num="63" count="0" type="stmt"/>
        <line num="66" count="51" type="cond" truecount="2" falsecount="0"/>
        <line num="67" count="3" type="stmt"/>
        <line num="68" count="48" type="cond" truecount="2" falsecount="0"/>
        <line num="69" count="3" type="stmt"/>
        <line num="70" count="45" type="cond" truecount="2" falsecount="0"/>
        <line num="71" count="3" type="stmt"/>
        <line num="72" count="42" type="cond" truecount="2" falsecount="0"/>
        <line num="73" count="6" type="stmt"/>
        <line num="74" count="36" type="cond" truecount="2" falsecount="0"/>
        <line num="75" count="3" type="stmt"/>
        <line num="76" count="33" type="cond" truecount="2" falsecount="0"/>
        <line num="77" count="3" type="stmt"/>
        <line num="78" count="30" type="cond" truecount="2" falsecount="0"/>
        <line num="79" count="3" type="stmt"/>
        <line num="80" count="27" type="cond" truecount="2" falsecount="0"/>
        <line num="81" count="3" type="stmt"/>
        <line num="82" count="24" type="cond" truecount="2" falsecount="0"/>
        <line num="83" count="3" type="stmt"/>
        <line num="84" count="21" type="cond" truecount="2" falsecount="0"/>
        <line num="85" count="3" type="stmt"/>
        <line num="86" count="18" type="cond" truecount="2" falsecount="0"/>
        <line num="87" count="3" type="stmt"/>
        <line num="88" count="15" type="cond" truecount="2" falsecount="0"/>
        <line num="89" count="3" type="stmt"/>
        <line num="90" count="12" type="cond" truecount="2" falsecount="0"/>
        <line num="91" count="3" type="stmt"/>
        <line num="92" count="9" type="cond" truecount="2" falsecount="0"/>
        <line num="93" count="3" type="stmt"/>
        <line num="94" count="6" type="cond" truecount="2" falsecount="0"/>
        <line num="95" count="3" type="stmt"/>
        <line num="97" count="3" type="stmt"/>
      </file>
    </package>
    <package name="src.components.atoms.Typo">
      <metrics statements="5" coveredstatements="2" conditionals="0" coveredconditionals="0" methods="2" coveredmethods="1"/>
      <file name="typo.stories.tsx" path="/Users/kaushiktummalapalli/Desktop/Blinkist_Application/application/src/components/atoms/Typo/typo.stories.tsx">
        <metrics statements="3" coveredstatements="0" conditionals="0" coveredconditionals="0" methods="1" coveredmethods="0"/>
        <line num="9" count="0" type="stmt"/>
        <line num="10" count="0" type="stmt"/>
        <line num="15" count="0" type="stmt"/>
      </file>
      <file name="typo.tsx" path="/Users/kaushiktummalapalli/Desktop/Blinkist_Application/application/src/components/atoms/Typo/typo.tsx">
        <metrics statements="2" coveredstatements="2" conditionals="0" coveredconditionals="0" methods="1" coveredmethods="1"/>
        <line num="9" count="5" type="stmt"/>
        <line num="10" count="42" type="stmt"/>
      </file>
    </package>
    <package name="src.components.atoms.avatar">
      <metrics statements="5" coveredstatements="2" conditionals="0" coveredconditionals="0" methods="2" coveredmethods="1"/>
      <file name="avatar.tsx" path="/Users/kaushiktummalapalli/Desktop/Blinkist_Application/application/src/components/atoms/avatar/avatar.tsx">
        <metrics statements="2" coveredstatements="2" conditionals="0" coveredconditionals="0" methods="1" coveredmethods="1"/>
        <line num="5" count="2" type="stmt"/>
        <line num="6" count="1" type="stmt"/>
      </file>
      <file name="icon_value.stories.tsx" path="/Users/kaushiktummalapalli/Desktop/Blinkist_Application/application/src/components/atoms/avatar/icon_value.stories.tsx">
        <metrics statements="3" coveredstatements="0" conditionals="0" coveredconditionals="0" methods="1" coveredmethods="0"/>
        <line num="12" count="0" type="stmt"/>
        <line num="13" count="0" type="stmt"/>
        <line num="17" count="0" type="stmt"/>
      </file>
    </package>
    <package name="src.components.atoms.cover_images">
      <metrics statements="5" coveredstatements="3" conditionals="0" coveredconditionals="0" methods="2" coveredmethods="1"/>
      <file name="coverImages.stories.tsx" path="/Users/kaushiktummalapalli/Desktop/Blinkist_Application/application/src/components/atoms/cover_images/coverImages.stories.tsx">
        <metrics statements="2" coveredstatements="0" conditionals="0" coveredconditionals="0" methods="1" coveredmethods="0"/>
        <line num="17" count="0" type="stmt"/>
        <line num="19" count="0" type="stmt"/>
      </file>
      <file name="coverImages.tsx" path="/Users/kaushiktummalapalli/Desktop/Blinkist_Application/application/src/components/atoms/cover_images/coverImages.tsx">
        <metrics statements="3" coveredstatements="3" conditionals="0" coveredconditionals="0" methods="1" coveredmethods="1"/>
        <line num="9" count="7" type="stmt"/>
        <line num="10" count="19" type="stmt"/>
        <line num="11" count="19" type="stmt"/>
      </file>
    </package>
    <package name="src.components.atoms.logo">
      <metrics statements="3" coveredstatements="0" conditionals="0" coveredconditionals="0" methods="2" coveredmethods="0"/>
      <file name="logo.stories.tsx" path="/Users/kaushiktummalapalli/Desktop/Blinkist_Application/application/src/components/atoms/logo/logo.stories.tsx">
        <metrics statements="1" coveredstatements="0" conditionals="0" coveredconditionals="0" methods="1" coveredmethods="0"/>
        <line num="17" count="0" type="stmt"/>
      </file>
      <file name="logo.tsx" path="/Users/kaushiktummalapalli/Desktop/Blinkist_Application/application/src/components/atoms/logo/logo.tsx">
        <metrics statements="2" coveredstatements="0" conditionals="0" coveredconditionals="0" methods="1" coveredmethods="0"/>
        <line num="3" count="0" type="stmt"/>
        <line num="4" count="0" type="stmt"/>
      </file>
    </package>
    <package name="src.components.molecules.buttons">
      <metrics statements="10" coveredstatements="5" conditionals="6" coveredconditionals="5" methods="3" coveredmethods="2"/>
      <file name="buttons.stories.tsx" path="/Users/kaushiktummalapalli/Desktop/Blinkist_Application/application/src/components/molecules/buttons/buttons.stories.tsx">
        <metrics statements="5" coveredstatements="0" conditionals="0" coveredconditionals="0" methods="1" coveredmethods="0"/>
        <line num="9" count="0" type="stmt"/>
        <line num="10" count="0" type="stmt"/>
        <line num="13" count="0" type="stmt"/>
        <line num="19" count="0" type="stmt"/>
        <line num="20" count="0" type="stmt"/>
      </file>
      <file name="buttons.tsx" path="/Users/kaushiktummalapalli/Desktop/Blinkist_Application/application/src/components/molecules/buttons/buttons.tsx">
        <metrics statements="5" coveredstatements="5" conditionals="6" coveredconditionals="5" methods="2" coveredmethods="2"/>
        <line num="10" count="4" type="stmt"/>
        <line num="11" count="8" type="stmt"/>
        <line num="12" count="8" type="cond" truecount="2" falsecount="0"/>
        <line num="13" count="8" type="stmt"/>
        <line num="14" count="3" type="cond" truecount="1" falsecount="1"/>
      </file>
    </package>
    <package name="src.components.molecules.cards">
      <metrics statements="15" coveredstatements="11" conditionals="20" coveredconditionals="14" methods="5" coveredmethods="4"/>
      <file name="bookCards.stories.tsx" path="/Users/kaushiktummalapalli/Desktop/Blinkist_Application/application/src/components/molecules/cards/bookCards.stories.tsx">
        <metrics statements="3" coveredstatements="0" conditionals="0" coveredconditionals="0" methods="1" coveredmethods="0"/>
        <line num="11" count="0" type="stmt"/>
        <line num="12" count="0" type="stmt"/>
        <line num="17" count="0" type="stmt"/>
      </file>
      <file name="bookCards.tsx" path="/Users/kaushiktummalapalli/Desktop/Blinkist_Application/application/src/components/molecules/cards/bookCards.tsx">
        <metrics statements="12" coveredstatements="11" conditionals="20" coveredconditionals="14" methods="4" coveredmethods="4"/>
        <line num="22" count="2" type="stmt"/>
        <line num="23" count="9" type="stmt"/>
        <line num="24" count="9" type="stmt"/>
        <line num="25" count="9" type="cond" truecount="4" falsecount="0"/>
        <line num="26" count="4" type="stmt"/>
        <line num="27" count="4" type="stmt"/>
        <line num="28" count="5" type="cond" truecount="2" falsecount="2"/>
        <line num="29" count="0" type="stmt"/>
        <line num="31" count="9" type="stmt"/>
        <line num="44" count="1" type="cond" truecount="1" falsecount="1"/>
        <line num="64" count="2" type="cond" truecount="1" falsecount="1"/>
        <line num="72" count="2" type="cond" truecount="1" falsecount="1"/>
      </file>
    </package>
    <package name="src.components.molecules.extendedNav">
      <metrics statements="4" coveredstatements="0" conditionals="0" coveredconditionals="0" methods="2" coveredmethods="0"/>
      <file name="extendednav.stories.tsx" path="/Users/kaushiktummalapalli/Desktop/Blinkist_Application/application/src/components/molecules/extendedNav/extendednav.stories.tsx">
        <metrics statements="1" coveredstatements="0" conditionals="0" coveredconditionals="0" methods="1" coveredmethods="0"/>
        <line num="17" count="0" type="stmt"/>
      </file>
      <file name="extendednav.tsx" path="/Users/kaushiktummalapalli/Desktop/Blinkist_Application/application/src/components/molecules/extendedNav/extendednav.tsx">
        <metrics statements="3" coveredstatements="0" conditionals="0" coveredconditionals="0" methods="1" coveredmethods="0"/>
        <line num="7" count="0" type="stmt"/>
        <line num="16" count="0" type="stmt"/>
        <line num="17" count="0" type="stmt"/>
      </file>
    </package>
    <package name="src.components.molecules.navItems">
      <metrics statements="15" coveredstatements="7" conditionals="8" coveredconditionals="7" methods="5" coveredmethods="2"/>
      <file name="navItems.stories.tsx" path="/Users/kaushiktummalapalli/Desktop/Blinkist_Application/application/src/components/molecules/navItems/navItems.stories.tsx">
        <metrics statements="8" coveredstatements="0" conditionals="0" coveredconditionals="0" methods="2" coveredmethods="0"/>
        <line num="9" count="0" type="stmt"/>
        <line num="10" count="0" type="stmt"/>
        <line num="13" count="0" type="stmt"/>
        <line num="15" count="0" type="stmt"/>
        <line num="16" count="0" type="stmt"/>
        <line num="18" count="0" type="stmt"/>
        <line num="26" count="0" type="stmt"/>
        <line num="27" count="0" type="stmt"/>
      </file>
      <file name="navItems.tsx" path="/Users/kaushiktummalapalli/Desktop/Blinkist_Application/application/src/components/molecules/navItems/navItems.tsx">
        <metrics statements="7" coveredstatements="7" conditionals="8" coveredconditionals="7" methods="3" coveredmethods="2"/>
        <line num="15" count="6" type="stmt"/>
        <line num="16" count="97" type="stmt"/>
        <line num="17" count="97" type="cond" truecount="2" falsecount="0"/>
        <line num="18" count="64" type="stmt"/>
        <line num="20" count="97" type="stmt"/>
        <line num="22" count="4" type="cond" truecount="1" falsecount="1"/>
        <line num="31" count="6" type="stmt"/>
      </file>
    </package>
    <package name="src.components.molecules.searchBar">
      <metrics statements="5" coveredstatements="2" conditionals="0" coveredconditionals="0" methods="2" coveredmethods="1"/>
      <file name="searchBar.stories.tsx" path="/Users/kaushiktummalapalli/Desktop/Blinkist_Application/application/src/components/molecules/searchBar/searchBar.stories.tsx">
        <metrics statements="3" coveredstatements="0" conditionals="0" coveredconditionals="0" methods="1" coveredmethods="0"/>
        <line num="9" count="0" type="stmt"/>
        <line num="10" count="0" type="stmt"/>
        <line num="13" count="0" type="stmt"/>
      </file>
      <file name="searchBars.tsx" path="/Users/kaushiktummalapalli/Desktop/Blinkist_Application/application/src/components/molecules/searchBar/searchBars.tsx">
        <metrics statements="2" coveredstatements="2" conditionals="0" coveredconditionals="0" methods="1" coveredmethods="1"/>
        <line num="8" count="1" type="stmt"/>
        <line num="9" count="1" type="stmt"/>
      </file>
    </package>
    <package name="src.components.molecules.tabs">
      <metrics statements="6" coveredstatements="3" conditionals="4" coveredconditionals="3" methods="3" coveredmethods="2"/>
      <file name="tabs.stories.tsx" path="/Users/kaushiktummalapalli/Desktop/Blinkist_Application/application/src/components/molecules/tabs/tabs.stories.tsx">
        <metrics statements="3" coveredstatements="0" conditionals="0" coveredconditionals="0" methods="1" coveredmethods="0"/>
        <line num="9" count="0" type="stmt"/>
        <line num="10" count="0" type="stmt"/>
        <line num="13" count="0" type="stmt"/>
      </file>
      <file name="tabs.tsx" path="/Users/kaushiktummalapalli/Desktop/Blinkist_Application/application/src/components/molecules/tabs/tabs.tsx">
        <metrics statements="3" coveredstatements="3" conditionals="4" coveredconditionals="3" methods="2" coveredmethods="2"/>
        <line num="11" count="2" type="stmt"/>
        <line num="12" count="5" type="stmt"/>
        <line num="13" count="1" type="cond" truecount="3" falsecount="1"/>
      </file>
    </package>
    <package name="src.components.organisms.banner">
      <metrics statements="4" coveredstatements="2" conditionals="0" coveredconditionals="0" methods="2" coveredmethods="1"/>
      <file name="banner.stories.tsx" path="/Users/kaushiktummalapalli/Desktop/Blinkist_Application/application/src/components/organisms/banner/banner.stories.tsx">
        <metrics statements="2" coveredstatements="0" conditionals="0" coveredconditionals="0" methods="1" coveredmethods="0"/>
        <line num="8" count="0" type="stmt"/>
        <line num="9" count="0" type="stmt"/>
      </file>
      <file name="banner.tsx" path="/Users/kaushiktummalapalli/Desktop/Blinkist_Application/application/src/components/organisms/banner/banner.tsx">
        <metrics statements="2" coveredstatements="2" conditionals="0" coveredconditionals="0" methods="1" coveredmethods="1"/>
        <line num="7" count="1" type="stmt"/>
        <line num="8" count="2" type="stmt"/>
      </file>
    </package>
    <package name="src.components.organisms.bookView">
      <metrics statements="5" coveredstatements="3" conditionals="4" coveredconditionals="2" methods="4" coveredmethods="1"/>
      <file name="bookView.stories.tsx" path="/Users/kaushiktummalapalli/Desktop/Blinkist_Application/application/src/components/organisms/bookView/bookView.stories.tsx">
        <metrics statements="2" coveredstatements="0" conditionals="0" coveredconditionals="0" methods="1" coveredmethods="0"/>
        <line num="10" count="0" type="stmt"/>
        <line num="11" count="0" type="stmt"/>
      </file>
      <file name="bookView.tsx" path="/Users/kaushiktummalapalli/Desktop/Blinkist_Application/application/src/components/organisms/bookView/bookView.tsx">
        <metrics statements="3" coveredstatements="3" conditionals="4" coveredconditionals="2" methods="3" coveredmethods="1"/>
        <line num="14" count="1" type="stmt"/>
        <line num="15" count="1" type="stmt"/>
        <line num="16" count="1" type="stmt"/>
      </file>
    </package>
    <package name="src.components.organisms.cardGrid">
      <metrics statements="9" coveredstatements="6" conditionals="4" coveredconditionals="2" methods="5" coveredmethods="4"/>
      <file name="cardGrid.stories.tsx" path="/Users/kaushiktummalapalli/Desktop/Blinkist_Application/application/src/components/organisms/cardGrid/cardGrid.stories.tsx">
        <metrics statements="3" coveredstatements="0" conditionals="0" coveredconditionals="0" methods="1" coveredmethods="0"/>
        <line num="12" count="0" type="stmt"/>
        <line num="13" count="0" type="stmt"/>
        <line num="71" count="0" type="stmt"/>
      </file>
      <file name="cardGrid.tsx" path="/Users/kaushiktummalapalli/Desktop/Blinkist_Application/application/src/components/organisms/cardGrid/cardGrid.tsx">
        <metrics statements="6" coveredstatements="6" conditionals="4" coveredconditionals="2" methods="4" coveredmethods="4"/>
        <line num="10" count="1" type="stmt"/>
        <line num="12" count="3" type="stmt"/>
        <line num="14" count="3" type="stmt"/>
        <line num="25" count="1" type="cond" truecount="1" falsecount="1"/>
        <line num="26" count="1" type="cond" truecount="1" falsecount="1"/>
        <line num="29" count="3" type="stmt"/>
      </file>
    </package>
    <package name="src.components.organisms.footer">
      <metrics statements="4" coveredstatements="2" conditionals="0" coveredconditionals="0" methods="2" coveredmethods="1"/>
      <file name="footer.stories.tsx" path="/Users/kaushiktummalapalli/Desktop/Blinkist_Application/application/src/components/organisms/footer/footer.stories.tsx">
        <metrics statements="2" coveredstatements="0" conditionals="0" coveredconditionals="0" methods="1" coveredmethods="0"/>
        <line num="9" count="0" type="stmt"/>
        <line num="10" count="0" type="stmt"/>
      </file>
      <file name="footer.tsx" path="/Users/kaushiktummalapalli/Desktop/Blinkist_Application/application/src/components/organisms/footer/footer.tsx">
        <metrics statements="2" coveredstatements="2" conditionals="0" coveredconditionals="0" methods="1" coveredmethods="1"/>
        <line num="6" count="1" type="stmt"/>
        <line num="7" count="1" type="stmt"/>
      </file>
    </package>
    <package name="src.components.organisms.header">
      <metrics statements="16" coveredstatements="6" conditionals="24" coveredconditionals="10" methods="13" coveredmethods="3"/>
      <file name="header.stories.tsx" path="/Users/kaushiktummalapalli/Desktop/Blinkist_Application/application/src/components/organisms/header/header.stories.tsx">
        <metrics statements="3" coveredstatements="0" conditionals="0" coveredconditionals="0" methods="3" coveredmethods="0"/>
        <line num="9" count="0" type="stmt"/>
        <line num="10" count="0" type="stmt"/>
        <line num="14" count="0" type="stmt"/>
      </file>
      <file name="header.tsx" path="/Users/kaushiktummalapalli/Desktop/Blinkist_Application/application/src/components/organisms/header/header.tsx">
        <metrics statements="13" coveredstatements="6" conditionals="24" coveredconditionals="10" methods="10" coveredmethods="3"/>
        <line num="17" count="1" type="stmt"/>
        <line num="18" count="0" type="stmt"/>
        <line num="19" count="0" type="stmt"/>
        <line num="22" count="0" type="stmt"/>
        <line num="23" count="0" type="stmt"/>
        <line num="24" count="0" type="stmt"/>
        <line num="30" count="1" type="stmt"/>
        <line num="31" count="4" type="stmt"/>
        <line num="32" count="4" type="stmt"/>
        <line num="39" count="1" type="cond" truecount="3" falsecount="1"/>
        <line num="40" count="1" type="cond" truecount="1" falsecount="1"/>
        <line num="46" count="0" type="cond" truecount="1" falsecount="1"/>
        <line num="58" count="0" type="stmt"/>
      </file>
    </package>
    <package name="src.components.organisms.toolBar">
      <metrics statements="6" coveredstatements="3" conditionals="0" coveredconditionals="0" methods="3" coveredmethods="2"/>
      <file name="toolbar.stories.tsx" path="/Users/kaushiktummalapalli/Desktop/Blinkist_Application/application/src/components/organisms/toolBar/toolbar.stories.tsx">
        <metrics statements="3" coveredstatements="0" conditionals="0" coveredconditionals="0" methods="1" coveredmethods="0"/>
        <line num="9" count="0" type="stmt"/>
        <line num="10" count="0" type="stmt"/>
        <line num="14" count="0" type="stmt"/>
      </file>
      <file name="toolbar.tsx" path="/Users/kaushiktummalapalli/Desktop/Blinkist_Application/application/src/components/organisms/toolBar/toolbar.tsx">
        <metrics statements="3" coveredstatements="3" conditionals="0" coveredconditionals="0" methods="2" coveredmethods="2"/>
        <line num="7" count="2" type="stmt"/>
        <line num="8" count="3" type="stmt"/>
        <line num="20" count="1" type="stmt"/>
      </file>
    </package>
    <package name="src.stories">
      <metrics statements="32" coveredstatements="0" conditionals="6" coveredconditionals="0" methods="10" coveredmethods="0"/>
      <file name="Button.stories.tsx" path="/Users/kaushiktummalapalli/Desktop/Blinkist_Application/application/src/stories/Button.stories.tsx">
        <metrics statements="9" coveredstatements="0" conditionals="0" coveredconditionals="0" methods="1" coveredmethods="0"/>
        <line num="17" count="0" type="stmt"/>
        <line num="19" count="0" type="stmt"/>
        <line num="21" count="0" type="stmt"/>
        <line num="26" count="0" type="stmt"/>
        <line num="27" count="0" type="stmt"/>
        <line num="31" count="0" type="stmt"/>
        <line num="32" count="0" type="stmt"/>
        <line num="37" count="0" type="stmt"/>
        <line num="38" count="0" type="stmt"/>
      </file>
      <file name="Button.tsx" path="/Users/kaushiktummalapalli/Desktop/Blinkist_Application/application/src/stories/Button.tsx">
        <metrics statements="3" coveredstatements="0" conditionals="4" coveredconditionals="0" methods="1" coveredmethods="0"/>
        <line num="30" count="0" type="stmt"/>
        <line num="37" count="0" type="cond" truecount="0" falsecount="2"/>
        <line num="38" count="0" type="stmt"/>
      </file>
      <file name="Header.stories.tsx" path="/Users/kaushiktummalapalli/Desktop/Blinkist_Application/application/src/stories/Header.stories.tsx">
        <metrics statements="5" coveredstatements="0" conditionals="0" coveredconditionals="0" methods="1" coveredmethods="0"/>
        <line num="15" count="0" type="stmt"/>
        <line num="17" count="0" type="stmt"/>
        <line num="18" count="0" type="stmt"/>
        <line num="24" count="0" type="stmt"/>
        <line num="25" count="0" type="stmt"/>
      </file>
      <file name="Header.tsx" path="/Users/kaushiktummalapalli/Desktop/Blinkist_Application/application/src/stories/Header.tsx">
        <metrics statements="2" coveredstatements="0" conditionals="2" coveredconditionals="0" methods="1" coveredmethods="0"/>
        <line num="17" count="0" type="stmt"/>
        <line num="18" count="0" type="stmt"/>
      </file>
      <file name="Page.stories.tsx" path="/Users/kaushiktummalapalli/Desktop/Blinkist_Application/application/src/stories/Page.stories.tsx">
        <metrics statements="7" coveredstatements="0" conditionals="0" coveredconditionals="0" methods="2" coveredmethods="0"/>
        <line num="15" count="0" type="stmt"/>
        <line num="17" count="0" type="stmt"/>
        <line num="19" count="0" type="stmt"/>
        <line num="22" count="0" type="stmt"/>
        <line num="23" count="0" type="stmt"/>
        <line num="24" count="0" type="stmt"/>
        <line num="25" count="0" type="stmt"/>
      </file>
      <file name="Page.tsx" path="/Users/kaushiktummalapalli/Desktop/Blinkist_Application/application/src/stories/Page.tsx">
        <metrics statements="6" coveredstatements="0" conditionals="0" coveredconditionals="0" methods="4" coveredmethods="0"/>
        <line num="10" count="0" type="stmt"/>
        <line num="11" count="0" type="stmt"/>
        <line num="13" count="0" type="stmt"/>
        <line num="17" count="0" type="stmt"/>
        <line num="18" count="0" type="stmt"/>
        <line num="19" count="0" type="stmt"/>
      </file>
    </package>
  </project>
</coverage>
