{"/Users/kaushiktummalapalli/Desktop/Blinkist_Application/application/src/App.tsx": {"path":"/Users/kaushiktummalapalli/Desktop/Blinkist_Application/application/src/App.tsx","statementMap":{"0":{"start":{"line":32,"column":26},"end":{"line":32,"column":36}},"1":{"start":{"line":34,"column":18},"end":{"line":44,"column":11}},"2":{"start":{"line":45,"column":42},"end":{"line":45,"column":123}},"3":{"start":{"line":46,"column":34},"end":{"line":46,"column":45}},"4":{"start":{"line":47,"column":23},"end":{"line":47,"column":38}},"5":{"start":{"line":48,"column":34},"end":{"line":48,"column":49}},"6":{"start":{"line":49,"column":27},"end":{"line":49,"column":42}},"7":{"start":{"line":50,"column":31},"end":{"line":50,"column":46}},"8":{"start":{"line":51,"column":31},"end":{"line":51,"column":46}},"9":{"start":{"line":52,"column":37},"end":{"line":52,"column":56}},"10":{"start":{"line":53,"column":41},"end":{"line":53,"column":54}},"11":{"start":{"line":54,"column":35},"end":{"line":54,"column":50}},"12":{"start":{"line":55,"column":20},"end":{"line":55,"column":24}},"13":{"start":{"line":57,"column":2},"end":{"line":69,"column":3}},"14":{"start":{"line":58,"column":4},"end":{"line":58,"column":33}},"15":{"start":{"line":59,"column":4},"end":{"line":68,"column":7}},"16":{"start":{"line":59,"column":53},"end":{"line":59,"column":63}},"17":{"start":{"line":60,"column":6},"end":{"line":60,"column":31}},"18":{"start":{"line":61,"column":16},"end":{"line":65,"column":8}},"19":{"start":{"line":62,"column":8},"end":{"line":62,"column":53}},"20":{"start":{"line":63,"column":8},"end":{"line":63,"column":36}},"21":{"start":{"line":64,"column":8},"end":{"line":64,"column":55}},"22":{"start":{"line":64,"column":55},"end":{"line":64,"column":68}},"23":{"start":{"line":66,"column":6},"end":{"line":66,"column":19}},"24":{"start":{"line":66,"column":19},"end":{"line":66,"column":46}},"25":{"start":{"line":67,"column":6},"end":{"line":67,"column":24}},"26":{"start":{"line":70,"column":14},"end":{"line":109,"column":20}},"27":{"start":{"line":73,"column":18},"end":{"line":76,"column":19}},"28":{"start":{"line":74,"column":20},"end":{"line":74,"column":44}},"29":{"start":{"line":75,"column":20},"end":{"line":75,"column":32}},"30":{"start":{"line":77,"column":18},"end":{"line":77,"column":41}},"31":{"start":{"line":78,"column":18},"end":{"line":78,"column":57}},"32":{"start":{"line":78,"column":34},"end":{"line":78,"column":56}},"33":{"start":{"line":79,"column":18},"end":{"line":79,"column":41}},"34":{"start":{"line":82,"column":18},"end":{"line":82,"column":45}},"35":{"start":{"line":83,"column":18},"end":{"line":91,"column":22}},"36":{"start":{"line":84,"column":20},"end":{"line":89,"column":21}},"37":{"start":{"line":85,"column":22},"end":{"line":85,"column":45}},"38":{"start":{"line":86,"column":22},"end":{"line":86,"column":50}},"39":{"start":{"line":87,"column":22},"end":{"line":87,"column":43}},"40":{"start":{"line":88,"column":22},"end":{"line":88,"column":69}},"41":{"start":{"line":90,"column":20},"end":{"line":90,"column":33}},"42":{"start":{"line":92,"column":18},"end":{"line":92,"column":45}},"43":{"start":{"line":93,"column":18},"end":{"line":93,"column":36}},"44":{"start":{"line":94,"column":18},"end":{"line":94,"column":58}},"45":{"start":{"line":97,"column":18},"end":{"line":97,"column":36}},"46":{"start":{"line":97,"column":29},"end":{"line":97,"column":36}},"47":{"start":{"line":98,"column":18},"end":{"line":98,"column":57}},"48":{"start":{"line":99,"column":18},"end":{"line":105,"column":22}},"49":{"start":{"line":100,"column":20},"end":{"line":103,"column":21}},"50":{"start":{"line":101,"column":22},"end":{"line":101,"column":55}},"51":{"start":{"line":102,"column":22},"end":{"line":102,"column":57}},"52":{"start":{"line":104,"column":20},"end":{"line":104,"column":33}},"53":{"start":{"line":106,"column":18},"end":{"line":106,"column":45}},"54":{"start":{"line":110,"column":31},"end":{"line":118,"column":8}},"55":{"start":{"line":111,"column":4},"end":{"line":111,"column":23}},"56":{"start":{"line":111,"column":23},"end":{"line":111,"column":42}},"57":{"start":{"line":111,"column":42},"end":{"line":111,"column":59}},"58":{"start":{"line":112,"column":4},"end":{"line":112,"column":31}},"59":{"start":{"line":113,"column":4},"end":{"line":118,"column":7}},"60":{"start":{"line":114,"column":6},"end":{"line":116,"column":7}},"61":{"start":{"line":115,"column":8},"end":{"line":115,"column":31}},"62":{"start":{"line":117,"column":6},"end":{"line":117,"column":19}},"63":{"start":{"line":119,"column":32},"end":{"line":128,"column":8}},"64":{"start":{"line":120,"column":4},"end":{"line":120,"column":31}},"65":{"start":{"line":121,"column":4},"end":{"line":121,"column":23}},"66":{"start":{"line":121,"column":23},"end":{"line":121,"column":41}},"67":{"start":{"line":121,"column":41},"end":{"line":121,"column":58}},"68":{"start":{"line":122,"column":4},"end":{"line":128,"column":7}},"69":{"start":{"line":123,"column":6},"end":{"line":126,"column":7}},"70":{"start":{"line":124,"column":8},"end":{"line":124,"column":30}},"71":{"start":{"line":125,"column":8},"end":{"line":125,"column":32}},"72":{"start":{"line":127,"column":6},"end":{"line":127,"column":19}},"73":{"start":{"line":146,"column":2},"end":{"line":182,"column":4}},"74":{"start":{"line":150,"column":32},"end":{"line":150,"column":48}},"75":{"start":{"line":150,"column":48},"end":{"line":150,"column":71}},"76":{"start":{"line":150,"column":71},"end":{"line":150,"column":90}},"77":{"start":{"line":150,"column":90},"end":{"line":150,"column":108}},"78":{"start":{"line":151,"column":29},"end":{"line":151,"column":52}},"79":{"start":{"line":152,"column":27},"end":{"line":152,"column":44}},"80":{"start":{"line":152,"column":44},"end":{"line":152,"column":62}},"81":{"start":{"line":171,"column":83},"end":{"line":171,"column":101}},"82":{"start":{"line":172,"column":71},"end":{"line":172,"column":88}}},"fnMap":{"0":{"name":"App","decl":{"start":{"line":30,"column":9},"end":{"line":30,"column":12}},"loc":{"start":{"line":30,"column":15},"end":{"line":183,"column":1}},"line":30},"1":{"name":"(anonymous_1)","decl":{"start":{"line":59,"column":46},"end":{"line":59,"column":47}},"loc":{"start":{"line":59,"column":53},"end":{"line":59,"column":63}},"line":59},"2":{"name":"(anonymous_2)","decl":{"start":{"line":59,"column":70},"end":{"line":59,"column":71}},"loc":{"start":{"line":59,"column":80},"end":{"line":68,"column":5}},"line":59},"3":{"name":"(anonymous_3)","decl":{"start":{"line":61,"column":27},"end":{"line":61,"column":28}},"loc":{"start":{"line":61,"column":59},"end":{"line":65,"column":7}},"line":61},"4":{"name":"(anonymous_4)","decl":{"start":{"line":72,"column":45},"end":{"line":72,"column":46}},"loc":{"start":{"line":72,"column":54},"end":{"line":80,"column":17}},"line":72},"5":{"name":"(anonymous_5)","decl":{"start":{"line":81,"column":34},"end":{"line":81,"column":35}},"loc":{"start":{"line":81,"column":48},"end":{"line":95,"column":17}},"line":81},"6":{"name":"(anonymous_6)","decl":{"start":{"line":83,"column":35},"end":{"line":83,"column":36}},"loc":{"start":{"line":83,"column":50},"end":{"line":91,"column":19}},"line":83},"7":{"name":"(anonymous_7)","decl":{"start":{"line":96,"column":34},"end":{"line":96,"column":35}},"loc":{"start":{"line":96,"column":48},"end":{"line":107,"column":17}},"line":96},"8":{"name":"(anonymous_8)","decl":{"start":{"line":99,"column":35},"end":{"line":99,"column":36}},"loc":{"start":{"line":99,"column":44},"end":{"line":105,"column":19}},"line":99},"9":{"name":"(anonymous_9)","decl":{"start":{"line":110,"column":31},"end":{"line":110,"column":32}},"loc":{"start":{"line":110,"column":35},"end":{"line":118,"column":8}},"line":110},"10":{"name":"(anonymous_10)","decl":{"start":{"line":113,"column":21},"end":{"line":113,"column":22}},"loc":{"start":{"line":113,"column":30},"end":{"line":118,"column":5}},"line":113},"11":{"name":"(anonymous_11)","decl":{"start":{"line":119,"column":32},"end":{"line":119,"column":33}},"loc":{"start":{"line":119,"column":36},"end":{"line":128,"column":8}},"line":119},"12":{"name":"(anonymous_12)","decl":{"start":{"line":122,"column":21},"end":{"line":122,"column":22}},"loc":{"start":{"line":122,"column":30},"end":{"line":128,"column":5}},"line":122},"13":{"name":"(anonymous_13)","decl":{"start":{"line":150,"column":27},"end":{"line":150,"column":28}},"loc":{"start":{"line":150,"column":31},"end":{"line":150,"column":109}},"line":150},"14":{"name":"(anonymous_14)","decl":{"start":{"line":151,"column":24},"end":{"line":151,"column":25}},"loc":{"start":{"line":151,"column":28},"end":{"line":151,"column":53}},"line":151},"15":{"name":"(anonymous_15)","decl":{"start":{"line":152,"column":22},"end":{"line":152,"column":23}},"loc":{"start":{"line":152,"column":26},"end":{"line":152,"column":63}},"line":152},"16":{"name":"(anonymous_16)","decl":{"start":{"line":171,"column":79},"end":{"line":171,"column":80}},"loc":{"start":{"line":171,"column":83},"end":{"line":171,"column":101}},"line":171},"17":{"name":"(anonymous_17)","decl":{"start":{"line":172,"column":67},"end":{"line":172,"column":68}},"loc":{"start":{"line":172,"column":71},"end":{"line":172,"column":88}},"line":172}},"branchMap":{"0":{"loc":{"start":{"line":57,"column":2},"end":{"line":69,"column":3}},"type":"if","locations":[{"start":{"line":57,"column":2},"end":{"line":69,"column":3}},{"start":{},"end":{}}],"line":57},"1":{"loc":{"start":{"line":57,"column":5},"end":{"line":57,"column":37}},"type":"binary-expr","locations":[{"start":{"line":57,"column":5},"end":{"line":57,"column":22}},{"start":{"line":57,"column":26},"end":{"line":57,"column":37}}],"line":57},"2":{"loc":{"start":{"line":73,"column":18},"end":{"line":76,"column":19}},"type":"if","locations":[{"start":{"line":73,"column":18},"end":{"line":76,"column":19}},{"start":{},"end":{}}],"line":73},"3":{"loc":{"start":{"line":78,"column":18},"end":{"line":78,"column":57}},"type":"if","locations":[{"start":{"line":78,"column":18},"end":{"line":78,"column":57}},{"start":{},"end":{}}],"line":78},"4":{"loc":{"start":{"line":84,"column":20},"end":{"line":89,"column":21}},"type":"if","locations":[{"start":{"line":84,"column":20},"end":{"line":89,"column":21}},{"start":{},"end":{}}],"line":84},"5":{"loc":{"start":{"line":97,"column":18},"end":{"line":97,"column":36}},"type":"if","locations":[{"start":{"line":97,"column":18},"end":{"line":97,"column":36}},{"start":{},"end":{}}],"line":97},"6":{"loc":{"start":{"line":100,"column":20},"end":{"line":103,"column":21}},"type":"if","locations":[{"start":{"line":100,"column":20},"end":{"line":103,"column":21}},{"start":{},"end":{}}],"line":100},"7":{"loc":{"start":{"line":114,"column":6},"end":{"line":116,"column":7}},"type":"if","locations":[{"start":{"line":114,"column":6},"end":{"line":116,"column":7}},{"start":{},"end":{}}],"line":114},"8":{"loc":{"start":{"line":123,"column":6},"end":{"line":126,"column":7}},"type":"if","locations":[{"start":{"line":123,"column":6},"end":{"line":126,"column":7}},{"start":{},"end":{}}],"line":123},"9":{"loc":{"start":{"line":154,"column":7},"end":{"line":175,"column":11}},"type":"cond-expr","locations":[{"start":{"line":155,"column":8},"end":{"line":157,"column":11}},{"start":{"line":158,"column":9},"end":{"line":175,"column":11}}],"line":154},"10":{"loc":{"start":{"line":158,"column":9},"end":{"line":175,"column":11}},"type":"cond-expr","locations":[{"start":{"line":159,"column":8},"end":{"line":166,"column":11}},{"start":{"line":168,"column":8},"end":{"line":175,"column":11}}],"line":158}},"s":{"0":0,"1":0,"2":0,"3":0,"4":0,"5":0,"6":0,"7":0,"8":0,"9":0,"10":0,"11":0,"12":0,"13":0,"14":0,"15":0,"16":0,"17":0,"18":0,"19":0,"20":0,"21":0,"22":0,"23":0,"24":0,"25":0,"26":0,"27":0,"28":0,"29":0,"30":0,"31":0,"32":0,"33":0,"34":0,"35":0,"36":0,"37":0,"38":0,"39":0,"40":0,"41":0,"42":0,"43":0,"44":0,"45":0,"46":0,"47":0,"48":0,"49":0,"50":0,"51":0,"52":0,"53":0,"54":0,"55":0,"56":0,"57":0,"58":0,"59":0,"60":0,"61":0,"62":0,"63":0,"64":0,"65":0,"66":0,"67":0,"68":0,"69":0,"70":0,"71":0,"72":0,"73":0,"74":0,"75":0,"76":0,"77":0,"78":0,"79":0,"80":0,"81":0,"82":0},"f":{"0":0,"1":0,"2":0,"3":0,"4":0,"5":0,"6":0,"7":0,"8":0,"9":0,"10":0,"11":0,"12":0,"13":0,"14":0,"15":0,"16":0,"17":0},"b":{"0":[0,0],"1":[0,0],"2":[0,0],"3":[0,0],"4":[0,0],"5":[0,0],"6":[0,0],"7":[0,0],"8":[0,0],"9":[0,0],"10":[0,0]}}
,"/Users/kaushiktummalapalli/Desktop/Blinkist_Application/application/src/index.tsx": {"path":"/Users/kaushiktummalapalli/Desktop/Blinkist_Application/application/src/index.tsx","statementMap":{"0":{"start":{"line":8,"column":0},"end":{"line":13,"column":2}},"1":{"start":{"line":18,"column":0},"end":{"line":18,"column":18}}},"fnMap":{},"branchMap":{},"s":{"0":0,"1":0},"f":{},"b":{}}
,"/Users/kaushiktummalapalli/Desktop/Blinkist_Application/application/src/reportWebVitals.ts": {"path":"/Users/kaushiktummalapalli/Desktop/Blinkist_Application/application/src/reportWebVitals.ts","statementMap":{"0":{"start":{"line":3,"column":24},"end":{"line":13,"column":1}},"1":{"start":{"line":4,"column":2},"end":{"line":12,"column":3}},"2":{"start":{"line":5,"column":4},"end":{"line":11,"column":7}},"3":{"start":{"line":6,"column":6},"end":{"line":6,"column":26}},"4":{"start":{"line":7,"column":6},"end":{"line":7,"column":26}},"5":{"start":{"line":8,"column":6},"end":{"line":8,"column":26}},"6":{"start":{"line":9,"column":6},"end":{"line":9,"column":26}},"7":{"start":{"line":10,"column":6},"end":{"line":10,"column":27}}},"fnMap":{"0":{"name":"(anonymous_0)","decl":{"start":{"line":3,"column":24},"end":{"line":3,"column":25}},"loc":{"start":{"line":3,"column":57},"end":{"line":13,"column":1}},"line":3},"1":{"name":"(anonymous_1)","decl":{"start":{"line":5,"column":30},"end":{"line":5,"column":31}},"loc":{"start":{"line":5,"column":79},"end":{"line":11,"column":5}},"line":5}},"branchMap":{"0":{"loc":{"start":{"line":4,"column":2},"end":{"line":12,"column":3}},"type":"if","locations":[{"start":{"line":4,"column":2},"end":{"line":12,"column":3}},{"start":{},"end":{}}],"line":4},"1":{"loc":{"start":{"line":4,"column":6},"end":{"line":4,"column":52}},"type":"binary-expr","locations":[{"start":{"line":4,"column":6},"end":{"line":4,"column":17}},{"start":{"line":4,"column":21},"end":{"line":4,"column":52}}],"line":4}},"s":{"0":0,"1":0,"2":0,"3":0,"4":0,"5":0,"6":0,"7":0},"f":{"0":0,"1":0},"b":{"0":[0,0],"1":[0,0]}}
,"/Users/kaushiktummalapalli/Desktop/Blinkist_Application/application/src/theme.tsx": {"path":"/Users/kaushiktummalapalli/Desktop/Blinkist_Application/application/src/theme.tsx","statementMap":{"0":{"start":{"line":3,"column":14},"end":{"line":23,"column":3}}},"fnMap":{},"branchMap":{},"s":{"0":0},"f":{},"b":{}}
,"/Users/kaushiktummalapalli/Desktop/Blinkist_Application/application/src/components/atoms/Icon/icon.stories.tsx": {"path":"/Users/kaushiktummalapalli/Desktop/Blinkist_Application/application/src/components/atoms/Icon/icon.stories.tsx","statementMap":{"0":{"start":{"line":9,"column":47},"end":{"line":9,"column":79}},"1":{"start":{"line":9,"column":56},"end":{"line":9,"column":79}},"2":{"start":{"line":11,"column":28},"end":{"line":11,"column":45}},"3":{"start":{"line":12,"column":0},"end":{"line":14,"column":1}},"4":{"start":{"line":16,"column":30},"end":{"line":16,"column":47}},"5":{"start":{"line":17,"column":0},"end":{"line":19,"column":1}},"6":{"start":{"line":21,"column":27},"end":{"line":21,"column":44}},"7":{"start":{"line":22,"column":0},"end":{"line":24,"column":1}},"8":{"start":{"line":26,"column":24},"end":{"line":26,"column":41}},"9":{"start":{"line":27,"column":0},"end":{"line":29,"column":1}}},"fnMap":{"0":{"name":"(anonymous_0)","decl":{"start":{"line":9,"column":47},"end":{"line":9,"column":48}},"loc":{"start":{"line":9,"column":56},"end":{"line":9,"column":79}},"line":9}},"branchMap":{},"s":{"0":0,"1":0,"2":0,"3":0,"4":0,"5":0,"6":0,"7":0,"8":0,"9":0},"f":{"0":0},"b":{}}
,"/Users/kaushiktummalapalli/Desktop/Blinkist_Application/application/src/components/atoms/Icon/icons.tsx": {"path":"/Users/kaushiktummalapalli/Desktop/Blinkist_Application/application/src/components/atoms/Icon/icons.tsx","statementMap":{"0":{"start":{"line":29,"column":20},"end":{"line":100,"column":1}},"1":{"start":{"line":30,"column":4},"end":{"line":96,"column":5}},"2":{"start":{"line":31,"column":8},"end":{"line":33,"column":9}},"3":{"start":{"line":34,"column":10},"end":{"line":96,"column":5}},"4":{"start":{"line":35,"column":8},"end":{"line":37,"column":9}},"5":{"start":{"line":38,"column":10},"end":{"line":96,"column":5}},"6":{"start":{"line":39,"column":8},"end":{"line":41,"column":9}},"7":{"start":{"line":42,"column":10},"end":{"line":96,"column":5}},"8":{"start":{"line":43,"column":8},"end":{"line":45,"column":9}},"9":{"start":{"line":46,"column":10},"end":{"line":96,"column":5}},"10":{"start":{"line":47,"column":8},"end":{"line":49,"column":9}},"11":{"start":{"line":50,"column":10},"end":{"line":96,"column":5}},"12":{"start":{"line":51,"column":8},"end":{"line":53,"column":9}},"13":{"start":{"line":54,"column":10},"end":{"line":96,"column":5}},"14":{"start":{"line":55,"column":8},"end":{"line":57,"column":9}},"15":{"start":{"line":58,"column":10},"end":{"line":96,"column":5}},"16":{"start":{"line":59,"column":8},"end":{"line":61,"column":9}},"17":{"start":{"line":62,"column":10},"end":{"line":96,"column":5}},"18":{"start":{"line":63,"column":8},"end":{"line":65,"column":9}},"19":{"start":{"line":66,"column":10},"end":{"line":96,"column":5}},"20":{"start":{"line":67,"column":8},"end":{"line":67,"column":36}},"21":{"start":{"line":68,"column":10},"end":{"line":96,"column":5}},"22":{"start":{"line":69,"column":8},"end":{"line":69,"column":41}},"23":{"start":{"line":70,"column":10},"end":{"line":96,"column":5}},"24":{"start":{"line":71,"column":8},"end":{"line":71,"column":37}},"25":{"start":{"line":72,"column":10},"end":{"line":96,"column":5}},"26":{"start":{"line":73,"column":8},"end":{"line":73,"column":42}},"27":{"start":{"line":74,"column":10},"end":{"line":96,"column":5}},"28":{"start":{"line":75,"column":8},"end":{"line":75,"column":47}},"29":{"start":{"line":76,"column":10},"end":{"line":96,"column":5}},"30":{"start":{"line":77,"column":8},"end":{"line":77,"column":44}},"31":{"start":{"line":78,"column":10},"end":{"line":96,"column":5}},"32":{"start":{"line":79,"column":8},"end":{"line":79,"column":37}},"33":{"start":{"line":80,"column":10},"end":{"line":96,"column":5}},"34":{"start":{"line":81,"column":8},"end":{"line":81,"column":42}},"35":{"start":{"line":82,"column":10},"end":{"line":96,"column":5}},"36":{"start":{"line":83,"column":8},"end":{"line":83,"column":41}},"37":{"start":{"line":84,"column":10},"end":{"line":96,"column":5}},"38":{"start":{"line":85,"column":8},"end":{"line":85,"column":38}},"39":{"start":{"line":86,"column":10},"end":{"line":96,"column":5}},"40":{"start":{"line":87,"column":8},"end":{"line":87,"column":50}},"41":{"start":{"line":88,"column":10},"end":{"line":96,"column":5}},"42":{"start":{"line":89,"column":8},"end":{"line":89,"column":44}},"43":{"start":{"line":90,"column":10},"end":{"line":96,"column":5}},"44":{"start":{"line":91,"column":8},"end":{"line":91,"column":47}},"45":{"start":{"line":92,"column":10},"end":{"line":96,"column":5}},"46":{"start":{"line":93,"column":8},"end":{"line":93,"column":38}},"47":{"start":{"line":94,"column":10},"end":{"line":96,"column":5}},"48":{"start":{"line":95,"column":8},"end":{"line":95,"column":36}},"49":{"start":{"line":97,"column":4},"end":{"line":99,"column":5}}},"fnMap":{"0":{"name":"(anonymous_0)","decl":{"start":{"line":29,"column":20},"end":{"line":29,"column":21}},"loc":{"start":{"line":29,"column":43},"end":{"line":100,"column":1}},"line":29}},"branchMap":{"0":{"loc":{"start":{"line":30,"column":4},"end":{"line":96,"column":5}},"type":"if","locations":[{"start":{"line":30,"column":4},"end":{"line":96,"column":5}},{"start":{"line":34,"column":10},"end":{"line":96,"column":5}}],"line":30},"1":{"loc":{"start":{"line":34,"column":10},"end":{"line":96,"column":5}},"type":"if","locations":[{"start":{"line":34,"column":10},"end":{"line":96,"column":5}},{"start":{"line":38,"column":10},"end":{"line":96,"column":5}}],"line":34},"2":{"loc":{"start":{"line":38,"column":10},"end":{"line":96,"column":5}},"type":"if","locations":[{"start":{"line":38,"column":10},"end":{"line":96,"column":5}},{"start":{"line":42,"column":10},"end":{"line":96,"column":5}}],"line":38},"3":{"loc":{"start":{"line":42,"column":10},"end":{"line":96,"column":5}},"type":"if","locations":[{"start":{"line":42,"column":10},"end":{"line":96,"column":5}},{"start":{"line":46,"column":10},"end":{"line":96,"column":5}}],"line":42},"4":{"loc":{"start":{"line":46,"column":10},"end":{"line":96,"column":5}},"type":"if","locations":[{"start":{"line":46,"column":10},"end":{"line":96,"column":5}},{"start":{"line":50,"column":10},"end":{"line":96,"column":5}}],"line":46},"5":{"loc":{"start":{"line":50,"column":10},"end":{"line":96,"column":5}},"type":"if","locations":[{"start":{"line":50,"column":10},"end":{"line":96,"column":5}},{"start":{"line":54,"column":10},"end":{"line":96,"column":5}}],"line":50},"6":{"loc":{"start":{"line":54,"column":10},"end":{"line":96,"column":5}},"type":"if","locations":[{"start":{"line":54,"column":10},"end":{"line":96,"column":5}},{"start":{"line":58,"column":10},"end":{"line":96,"column":5}}],"line":54},"7":{"loc":{"start":{"line":58,"column":10},"end":{"line":96,"column":5}},"type":"if","locations":[{"start":{"line":58,"column":10},"end":{"line":96,"column":5}},{"start":{"line":62,"column":10},"end":{"line":96,"column":5}}],"line":58},"8":{"loc":{"start":{"line":62,"column":10},"end":{"line":96,"column":5}},"type":"if","locations":[{"start":{"line":62,"column":10},"end":{"line":96,"column":5}},{"start":{"line":66,"column":10},"end":{"line":96,"column":5}}],"line":62},"9":{"loc":{"start":{"line":66,"column":10},"end":{"line":96,"column":5}},"type":"if","locations":[{"start":{"line":66,"column":10},"end":{"line":96,"column":5}},{"start":{"line":68,"column":10},"end":{"line":96,"column":5}}],"line":66},"10":{"loc":{"start":{"line":68,"column":10},"end":{"line":96,"column":5}},"type":"if","locations":[{"start":{"line":68,"column":10},"end":{"line":96,"column":5}},{"start":{"line":70,"column":10},"end":{"line":96,"column":5}}],"line":68},"11":{"loc":{"start":{"line":70,"column":10},"end":{"line":96,"column":5}},"type":"if","locations":[{"start":{"line":70,"column":10},"end":{"line":96,"column":5}},{"start":{"line":72,"column":10},"end":{"line":96,"column":5}}],"line":70},"12":{"loc":{"start":{"line":72,"column":10},"end":{"line":96,"column":5}},"type":"if","locations":[{"start":{"line":72,"column":10},"end":{"line":96,"column":5}},{"start":{"line":74,"column":10},"end":{"line":96,"column":5}}],"line":72},"13":{"loc":{"start":{"line":74,"column":10},"end":{"line":96,"column":5}},"type":"if","locations":[{"start":{"line":74,"column":10},"end":{"line":96,"column":5}},{"start":{"line":76,"column":10},"end":{"line":96,"column":5}}],"line":74},"14":{"loc":{"start":{"line":76,"column":10},"end":{"line":96,"column":5}},"type":"if","locations":[{"start":{"line":76,"column":10},"end":{"line":96,"column":5}},{"start":{"line":78,"column":10},"end":{"line":96,"column":5}}],"line":76},"15":{"loc":{"start":{"line":78,"column":10},"end":{"line":96,"column":5}},"type":"if","locations":[{"start":{"line":78,"column":10},"end":{"line":96,"column":5}},{"start":{"line":80,"column":10},"end":{"line":96,"column":5}}],"line":78},"16":{"loc":{"start":{"line":80,"column":10},"end":{"line":96,"column":5}},"type":"if","locations":[{"start":{"line":80,"column":10},"end":{"line":96,"column":5}},{"start":{"line":82,"column":10},"end":{"line":96,"column":5}}],"line":80},"17":{"loc":{"start":{"line":82,"column":10},"end":{"line":96,"column":5}},"type":"if","locations":[{"start":{"line":82,"column":10},"end":{"line":96,"column":5}},{"start":{"line":84,"column":10},"end":{"line":96,"column":5}}],"line":82},"18":{"loc":{"start":{"line":84,"column":10},"end":{"line":96,"column":5}},"type":"if","locations":[{"start":{"line":84,"column":10},"end":{"line":96,"column":5}},{"start":{"line":86,"column":10},"end":{"line":96,"column":5}}],"line":84},"19":{"loc":{"start":{"line":86,"column":10},"end":{"line":96,"column":5}},"type":"if","locations":[{"start":{"line":86,"column":10},"end":{"line":96,"column":5}},{"start":{"line":88,"column":10},"end":{"line":96,"column":5}}],"line":86},"20":{"loc":{"start":{"line":88,"column":10},"end":{"line":96,"column":5}},"type":"if","locations":[{"start":{"line":88,"column":10},"end":{"line":96,"column":5}},{"start":{"line":90,"column":10},"end":{"line":96,"column":5}}],"line":88},"21":{"loc":{"start":{"line":90,"column":10},"end":{"line":96,"column":5}},"type":"if","locations":[{"start":{"line":90,"column":10},"end":{"line":96,"column":5}},{"start":{"line":92,"column":10},"end":{"line":96,"column":5}}],"line":90},"22":{"loc":{"start":{"line":92,"column":10},"end":{"line":96,"column":5}},"type":"if","locations":[{"start":{"line":92,"column":10},"end":{"line":96,"column":5}},{"start":{"line":94,"column":10},"end":{"line":96,"column":5}}],"line":92},"23":{"loc":{"start":{"line":94,"column":10},"end":{"line":96,"column":5}},"type":"if","locations":[{"start":{"line":94,"column":10},"end":{"line":96,"column":5}},{"start":{},"end":{}}],"line":94}},"s":{"0":8,"1":93,"2":3,"3":90,"4":7,"5":83,"6":1,"7":82,"8":5,"9":77,"10":4,"11":73,"12":3,"13":70,"14":10,"15":60,"16":9,"17":51,"18":0,"19":51,"20":3,"21":48,"22":3,"23":45,"24":3,"25":42,"26":6,"27":36,"28":3,"29":33,"30":3,"31":30,"32":3,"33":27,"34":3,"35":24,"36":3,"37":21,"38":3,"39":18,"40":3,"41":15,"42":3,"43":12,"44":3,"45":9,"46":3,"47":6,"48":3,"49":3},"f":{"0":93},"b":{"0":[3,90],"1":[7,83],"2":[1,82],"3":[5,77],"4":[4,73],"5":[3,70],"6":[10,60],"7":[9,51],"8":[0,51],"9":[3,48],"10":[3,45],"11":[3,42],"12":[6,36],"13":[3,33],"14":[3,30],"15":[3,27],"16":[3,24],"17":[3,21],"18":[3,18],"19":[3,15],"20":[3,12],"21":[3,9],"22":[3,6],"23":[3,3]},"_coverageSchema":"1a1c01bbd47fc00a2c39e90264f33305004495a9","hash":"2e1b769d7ae9d701a050316f2bd438d34a8e964f"}
,"/Users/kaushiktummalapalli/Desktop/Blinkist_Application/application/src/components/atoms/Typo/typo.stories.tsx": {"path":"/Users/kaushiktummalapalli/Desktop/Blinkist_Application/application/src/components/atoms/Typo/typo.stories.tsx","statementMap":{"0":{"start":{"line":9,"column":52},"end":{"line":13,"column":1}},"1":{"start":{"line":10,"column":4},"end":{"line":12,"column":6}},"2":{"start":{"line":15,"column":0},"end":{"line":18,"column":1}}},"fnMap":{"0":{"name":"(anonymous_0)","decl":{"start":{"line":9,"column":52},"end":{"line":9,"column":53}},"loc":{"start":{"line":9,"column":60},"end":{"line":13,"column":1}},"line":9}},"branchMap":{},"s":{"0":0,"1":0,"2":0},"f":{"0":0},"b":{}}
,"/Users/kaushiktummalapalli/Desktop/Blinkist_Application/application/src/components/atoms/Typo/typo.tsx": {"path":"/Users/kaushiktummalapalli/Desktop/Blinkist_Application/application/src/components/atoms/Typo/typo.tsx","statementMap":{"0":{"start":{"line":9,"column":20},"end":{"line":15,"column":1}},"1":{"start":{"line":10,"column":4},"end":{"line":14,"column":6}}},"fnMap":{"0":{"name":"(anonymous_0)","decl":{"start":{"line":9,"column":20},"end":{"line":9,"column":21}},"loc":{"start":{"line":9,"column":43},"end":{"line":15,"column":1}},"line":9}},"branchMap":{},"s":{"0":5,"1":42},"f":{"0":42},"b":{},"_coverageSchema":"1a1c01bbd47fc00a2c39e90264f33305004495a9","hash":"fe88e58df29e9c67f9e8e65d19e55ad528bdc22a"}
,"/Users/kaushiktummalapalli/Desktop/Blinkist_Application/application/src/components/atoms/avatar/avatar.tsx": {"path":"/Users/kaushiktummalapalli/Desktop/Blinkist_Application/application/src/components/atoms/avatar/avatar.tsx","statementMap":{"0":{"start":{"line":5,"column":22},"end":{"line":9,"column":1}},"1":{"start":{"line":6,"column":2},"end":{"line":8,"column":3}}},"fnMap":{"0":{"name":"(anonymous_0)","decl":{"start":{"line":5,"column":22},"end":{"line":5,"column":23}},"loc":{"start":{"line":5,"column":47},"end":{"line":9,"column":1}},"line":5}},"branchMap":{},"s":{"0":2,"1":1},"f":{"0":1},"b":{},"_coverageSchema":"1a1c01bbd47fc00a2c39e90264f33305004495a9","hash":"1866f18ce6cb5a13247798b15977d63c74096384"}
,"/Users/kaushiktummalapalli/Desktop/Blinkist_Application/application/src/components/atoms/avatar/icon_value.stories.tsx": {"path":"/Users/kaushiktummalapalli/Desktop/Blinkist_Application/application/src/components/atoms/avatar/icon_value.stories.tsx","statementMap":{"0":{"start":{"line":12,"column":54},"end":{"line":16,"column":1}},"1":{"start":{"line":13,"column":4},"end":{"line":15,"column":5}},"2":{"start":{"line":17,"column":0},"end":{"line":19,"column":1}}},"fnMap":{"0":{"name":"(anonymous_0)","decl":{"start":{"line":12,"column":54},"end":{"line":12,"column":55}},"loc":{"start":{"line":12,"column":62},"end":{"line":16,"column":1}},"line":12}},"branchMap":{},"s":{"0":0,"1":0,"2":0},"f":{"0":0},"b":{}}
,"/Users/kaushiktummalapalli/Desktop/Blinkist_Application/application/src/components/atoms/cover_images/coverImages.stories.tsx": {"path":"/Users/kaushiktummalapalli/Desktop/Blinkist_Application/application/src/components/atoms/cover_images/coverImages.stories.tsx","statementMap":{"0":{"start":{"line":17,"column":61},"end":{"line":22,"column":1}},"1":{"start":{"line":19,"column":4},"end":{"line":21,"column":10}}},"fnMap":{"0":{"name":"(anonymous_0)","decl":{"start":{"line":17,"column":61},"end":{"line":17,"column":62}},"loc":{"start":{"line":18,"column":0},"end":{"line":22,"column":1}},"line":18}},"branchMap":{},"s":{"0":0,"1":0},"f":{"0":0},"b":{}}
,"/Users/kaushiktummalapalli/Desktop/Blinkist_Application/application/src/components/atoms/cover_images/coverImages.tsx": {"path":"/Users/kaushiktummalapalli/Desktop/Blinkist_Application/application/src/components/atoms/cover_images/coverImages.tsx","statementMap":{"0":{"start":{"line":9,"column":27},"end":{"line":16,"column":1}},"1":{"start":{"line":10,"column":19},"end":{"line":10,"column":45}},"2":{"start":{"line":11,"column":4},"end":{"line":15,"column":5}}},"fnMap":{"0":{"name":"(anonymous_0)","decl":{"start":{"line":9,"column":27},"end":{"line":9,"column":28}},"loc":{"start":{"line":9,"column":59},"end":{"line":16,"column":1}},"line":9}},"branchMap":{},"s":{"0":7,"1":19,"2":19},"f":{"0":19},"b":{},"_coverageSchema":"1a1c01bbd47fc00a2c39e90264f33305004495a9","hash":"6a18c0a0876dc600fc3217fad76aca1f0b4a5c33"}
,"/Users/kaushiktummalapalli/Desktop/Blinkist_Application/application/src/components/atoms/logo/logo.stories.tsx": {"path":"/Users/kaushiktummalapalli/Desktop/Blinkist_Application/application/src/components/atoms/logo/logo.stories.tsx","statementMap":{"0":{"start":{"line":17,"column":59},"end":{"line":17,"column":81}},"1":{"start":{"line":17,"column":68},"end":{"line":17,"column":81}}},"fnMap":{"0":{"name":"(anonymous_0)","decl":{"start":{"line":17,"column":59},"end":{"line":17,"column":60}},"loc":{"start":{"line":17,"column":68},"end":{"line":17,"column":81}},"line":17}},"branchMap":{},"s":{"0":0,"1":0},"f":{"0":0},"b":{}}
,"/Users/kaushiktummalapalli/Desktop/Blinkist_Application/application/src/components/atoms/logo/logo.tsx": {"path":"/Users/kaushiktummalapalli/Desktop/Blinkist_Application/application/src/components/atoms/logo/logo.tsx","statementMap":{"0":{"start":{"line":3,"column":20},"end":{"line":9,"column":1}},"1":{"start":{"line":4,"column":4},"end":{"line":8,"column":5}}},"fnMap":{"0":{"name":"(anonymous_0)","decl":{"start":{"line":3,"column":20},"end":{"line":3,"column":21}},"loc":{"start":{"line":3,"column":26},"end":{"line":9,"column":1}},"line":3}},"branchMap":{},"s":{"0":0,"1":0},"f":{"0":0},"b":{}}
,"/Users/kaushiktummalapalli/Desktop/Blinkist_Application/application/src/components/molecules/buttons/buttons.stories.tsx": {"path":"/Users/kaushiktummalapalli/Desktop/Blinkist_Application/application/src/components/molecules/buttons/buttons.stories.tsx","statementMap":{"0":{"start":{"line":9,"column":56},"end":{"line":11,"column":1}},"1":{"start":{"line":10,"column":4},"end":{"line":10,"column":31}},"2":{"start":{"line":13,"column":0},"end":{"line":17,"column":1}},"3":{"start":{"line":19,"column":26},"end":{"line":19,"column":44}},"4":{"start":{"line":20,"column":0},"end":{"line":24,"column":1}}},"fnMap":{"0":{"name":"(anonymous_0)","decl":{"start":{"line":9,"column":56},"end":{"line":9,"column":57}},"loc":{"start":{"line":9,"column":64},"end":{"line":11,"column":1}},"line":9}},"branchMap":{},"s":{"0":0,"1":0,"2":0,"3":0,"4":0},"f":{"0":0},"b":{}}
,"/Users/kaushiktummalapalli/Desktop/Blinkist_Application/application/src/components/molecules/buttons/buttons.tsx": {"path":"/Users/kaushiktummalapalli/Desktop/Blinkist_Application/application/src/components/molecules/buttons/buttons.tsx","statementMap":{"0":{"start":{"line":10,"column":22},"end":{"line":19,"column":1}},"1":{"start":{"line":11,"column":20},"end":{"line":11,"column":29}},"2":{"start":{"line":12,"column":4},"end":{"line":12,"column":44}},"3":{"start":{"line":12,"column":21},"end":{"line":12,"column":44}},"4":{"start":{"line":13,"column":4},"end":{"line":18,"column":5}},"5":{"start":{"line":14,"column":49},"end":{"line":14,"column":81}},"6":{"start":{"line":14,"column":66},"end":{"line":14,"column":81}}},"fnMap":{"0":{"name":"(anonymous_0)","decl":{"start":{"line":10,"column":22},"end":{"line":10,"column":23}},"loc":{"start":{"line":10,"column":47},"end":{"line":19,"column":1}},"line":10},"1":{"name":"(anonymous_1)","decl":{"start":{"line":14,"column":44},"end":{"line":14,"column":45}},"loc":{"start":{"line":14,"column":48},"end":{"line":14,"column":82}},"line":14}},"branchMap":{"0":{"loc":{"start":{"line":12,"column":4},"end":{"line":12,"column":44}},"type":"if","locations":[{"start":{"line":12,"column":4},"end":{"line":12,"column":44}},{"start":{},"end":{}}],"line":12},"1":{"loc":{"start":{"line":14,"column":49},"end":{"line":14,"column":81}},"type":"if","locations":[{"start":{"line":14,"column":49},"end":{"line":14,"column":81}},{"start":{},"end":{}}],"line":14},"2":{"loc":{"start":{"line":15,"column":13},"end":{"line":15,"column":52}},"type":"cond-expr","locations":[{"start":{"line":15,"column":28},"end":{"line":15,"column":46}},{"start":{"line":15,"column":48},"end":{"line":15,"column":52}}],"line":15}},"s":{"0":4,"1":8,"2":8,"3":4,"4":8,"5":3,"6":3},"f":{"0":8,"1":3},"b":{"0":[4,4],"1":[3,0],"2":[4,4]},"_coverageSchema":"1a1c01bbd47fc00a2c39e90264f33305004495a9","hash":"6a0fb999c2c17ffef30d52c93a3ff12f8cc88198"}
,"/Users/kaushiktummalapalli/Desktop/Blinkist_Application/application/src/components/molecules/cards/bookCards.stories.tsx": {"path":"/Users/kaushiktummalapalli/Desktop/Blinkist_Application/application/src/components/molecules/cards/bookCards.stories.tsx","statementMap":{"0":{"start":{"line":11,"column":58},"end":{"line":15,"column":1}},"1":{"start":{"line":12,"column":4},"end":{"line":14,"column":5}},"2":{"start":{"line":17,"column":0},"end":{"line":26,"column":1}}},"fnMap":{"0":{"name":"(anonymous_0)","decl":{"start":{"line":11,"column":58},"end":{"line":11,"column":59}},"loc":{"start":{"line":11,"column":66},"end":{"line":15,"column":1}},"line":11}},"branchMap":{},"s":{"0":0,"1":0,"2":0},"f":{"0":0},"b":{}}
,"/Users/kaushiktummalapalli/Desktop/Blinkist_Application/application/src/components/molecules/cards/bookCards.tsx": {"path":"/Users/kaushiktummalapalli/Desktop/Blinkist_Application/application/src/components/molecules/cards/bookCards.tsx","statementMap":{"0":{"start":{"line":22,"column":24},"end":{"line":78,"column":1}},"1":{"start":{"line":23,"column":21},"end":{"line":23,"column":31}},"2":{"start":{"line":24,"column":22},"end":{"line":24,"column":40}},"3":{"start":{"line":25,"column":4},"end":{"line":30,"column":5}},"4":{"start":{"line":26,"column":8},"end":{"line":26,"column":34}},"5":{"start":{"line":27,"column":8},"end":{"line":27,"column":31}},"6":{"start":{"line":28,"column":10},"end":{"line":30,"column":5}},"7":{"start":{"line":29,"column":8},"end":{"line":29,"column":38}},"8":{"start":{"line":31,"column":4},"end":{"line":77,"column":5}},"9":{"start":{"line":44,"column":39},"end":{"line":44,"column":89}},"10":{"start":{"line":44,"column":65},"end":{"line":44,"column":89}},"11":{"start":{"line":64,"column":39},"end":{"line":64,"column":89}},"12":{"start":{"line":64,"column":65},"end":{"line":64,"column":89}},"13":{"start":{"line":72,"column":94},"end":{"line":72,"column":144}},"14":{"start":{"line":72,"column":120},"end":{"line":72,"column":144}}},"fnMap":{"0":{"name":"(anonymous_0)","decl":{"start":{"line":22,"column":24},"end":{"line":22,"column":25}},"loc":{"start":{"line":22,"column":56},"end":{"line":78,"column":1}},"line":22},"1":{"name":"(anonymous_1)","decl":{"start":{"line":44,"column":34},"end":{"line":44,"column":35}},"loc":{"start":{"line":44,"column":38},"end":{"line":44,"column":90}},"line":44},"2":{"name":"(anonymous_2)","decl":{"start":{"line":64,"column":34},"end":{"line":64,"column":35}},"loc":{"start":{"line":64,"column":38},"end":{"line":64,"column":90}},"line":64},"3":{"name":"(anonymous_3)","decl":{"start":{"line":72,"column":89},"end":{"line":72,"column":90}},"loc":{"start":{"line":72,"column":93},"end":{"line":72,"column":145}},"line":72}},"branchMap":{"0":{"loc":{"start":{"line":25,"column":4},"end":{"line":30,"column":5}},"type":"if","locations":[{"start":{"line":25,"column":4},"end":{"line":30,"column":5}},{"start":{"line":28,"column":10},"end":{"line":30,"column":5}}],"line":25},"1":{"loc":{"start":{"line":25,"column":7},"end":{"line":25,"column":40}},"type":"binary-expr","locations":[{"start":{"line":25,"column":7},"end":{"line":25,"column":21}},{"start":{"line":25,"column":25},"end":{"line":25,"column":40}}],"line":25},"2":{"loc":{"start":{"line":28,"column":10},"end":{"line":30,"column":5}},"type":"if","locations":[{"start":{"line":28,"column":10},"end":{"line":30,"column":5}},{"start":{},"end":{}}],"line":28},"3":{"loc":{"start":{"line":28,"column":13},"end":{"line":28,"column":47}},"type":"binary-expr","locations":[{"start":{"line":28,"column":13},"end":{"line":28,"column":28}},{"start":{"line":28,"column":32},"end":{"line":28,"column":47}}],"line":28},"4":{"loc":{"start":{"line":41,"column":13},"end":{"line":74,"column":19}},"type":"cond-expr","locations":[{"start":{"line":42,"column":16},"end":{"line":59,"column":19}},{"start":{"line":61,"column":16},"end":{"line":74,"column":19}}],"line":41},"5":{"loc":{"start":{"line":42,"column":16},"end":{"line":59,"column":19}},"type":"cond-expr","locations":[{"start":{"line":43,"column":20},"end":{"line":50,"column":23}},{"start":{"line":52,"column":16},"end":{"line":59,"column":19}}],"line":42},"6":{"loc":{"start":{"line":44,"column":39},"end":{"line":44,"column":89}},"type":"if","locations":[{"start":{"line":44,"column":39},"end":{"line":44,"column":89}},{"start":{},"end":{}}],"line":44},"7":{"loc":{"start":{"line":62,"column":17},"end":{"line":72,"column":148}},"type":"cond-expr","locations":[{"start":{"line":63,"column":20},"end":{"line":70,"column":23}},{"start":{"line":72,"column":20},"end":{"line":72,"column":148}}],"line":62},"8":{"loc":{"start":{"line":64,"column":39},"end":{"line":64,"column":89}},"type":"if","locations":[{"start":{"line":64,"column":39},"end":{"line":64,"column":89}},{"start":{},"end":{}}],"line":64},"9":{"loc":{"start":{"line":72,"column":94},"end":{"line":72,"column":144}},"type":"if","locations":[{"start":{"line":72,"column":94},"end":{"line":72,"column":144}},{"start":{},"end":{}}],"line":72}},"s":{"0":2,"1":9,"2":9,"3":9,"4":4,"5":4,"6":5,"7":0,"8":9,"9":1,"10":1,"11":2,"12":2,"13":2,"14":2},"f":{"0":9,"1":1,"2":2,"3":2},"b":{"0":[4,5],"1":[9,6],"2":[0,5],"3":[5,0],"4":[1,8],"5":[1,0],"6":[1,0],"7":[5,3],"8":[2,0],"9":[2,0]},"_coverageSchema":"1a1c01bbd47fc00a2c39e90264f33305004495a9","hash":"a84e7114c3685396061950a0e5731dacd9f90029"}
,"/Users/kaushiktummalapalli/Desktop/Blinkist_Application/application/src/components/molecules/extendedNav/extendednav.stories.tsx": {"path":"/Users/kaushiktummalapalli/Desktop/Blinkist_Application/application/src/components/molecules/extendedNav/extendednav.stories.tsx","statementMap":{"0":{"start":{"line":17,"column":72},"end":{"line":17,"column":108}},"1":{"start":{"line":17,"column":81},"end":{"line":17,"column":108}}},"fnMap":{"0":{"name":"(anonymous_0)","decl":{"start":{"line":17,"column":72},"end":{"line":17,"column":73}},"loc":{"start":{"line":17,"column":81},"end":{"line":17,"column":108}},"line":17}},"branchMap":{},"s":{"0":0,"1":0},"f":{"0":0},"b":{}}
,"/Users/kaushiktummalapalli/Desktop/Blinkist_Application/application/src/components/molecules/extendedNav/extendednav.tsx": {"path":"/Users/kaushiktummalapalli/Desktop/Blinkist_Application/application/src/components/molecules/extendedNav/extendednav.tsx","statementMap":{"0":{"start":{"line":7,"column":18},"end":{"line":13,"column":2}},"1":{"start":{"line":16,"column":17},"end":{"line":16,"column":28}},"2":{"start":{"line":17,"column":2},"end":{"line":22,"column":4}}},"fnMap":{"0":{"name":"ExtendedNav","decl":{"start":{"line":15,"column":24},"end":{"line":15,"column":35}},"loc":{"start":{"line":15,"column":38},"end":{"line":23,"column":2}},"line":15}},"branchMap":{},"s":{"0":0,"1":0,"2":0},"f":{"0":0},"b":{}}
,"/Users/kaushiktummalapalli/Desktop/Blinkist_Application/application/src/components/molecules/navItems/navItems.stories.tsx": {"path":"/Users/kaushiktummalapalli/Desktop/Blinkist_Application/application/src/components/molecules/navItems/navItems.stories.tsx","statementMap":{"0":{"start":{"line":9,"column":45},"end":{"line":11,"column":1}},"1":{"start":{"line":10,"column":4},"end":{"line":10,"column":100}},"2":{"start":{"line":13,"column":23},"end":{"line":13,"column":40}},"3":{"start":{"line":15,"column":52},"end":{"line":17,"column":1}},"4":{"start":{"line":16,"column":4},"end":{"line":16,"column":28}},"5":{"start":{"line":18,"column":0},"end":{"line":24,"column":1}},"6":{"start":{"line":26,"column":27},"end":{"line":26,"column":44}},"7":{"start":{"line":27,"column":0},"end":{"line":33,"column":1}}},"fnMap":{"0":{"name":"(anonymous_0)","decl":{"start":{"line":9,"column":45},"end":{"line":9,"column":46}},"loc":{"start":{"line":9,"column":49},"end":{"line":11,"column":1}},"line":9},"1":{"name":"(anonymous_1)","decl":{"start":{"line":15,"column":52},"end":{"line":15,"column":53}},"loc":{"start":{"line":15,"column":60},"end":{"line":17,"column":1}},"line":15}},"branchMap":{},"s":{"0":0,"1":0,"2":0,"3":0,"4":0,"5":0,"6":0,"7":0},"f":{"0":0,"1":0},"b":{}}
,"/Users/kaushiktummalapalli/Desktop/Blinkist_Application/application/src/components/molecules/navItems/navItems.tsx": {"path":"/Users/kaushiktummalapalli/Desktop/Blinkist_Application/application/src/components/molecules/navItems/navItems.tsx","statementMap":{"0":{"start":{"line":15,"column":12},"end":{"line":29,"column":1}},"1":{"start":{"line":16,"column":16},"end":{"line":16,"column":22}},"2":{"start":{"line":17,"column":4},"end":{"line":19,"column":5}},"3":{"start":{"line":18,"column":8},"end":{"line":18,"column":29}},"4":{"start":{"line":20,"column":4},"end":{"line":28,"column":5}},"5":{"start":{"line":22,"column":46},"end":{"line":22,"column":80}},"6":{"start":{"line":22,"column":63},"end":{"line":22,"column":80}},"7":{"start":{"line":31,"column":0},"end":{"line":33,"column":2}}},"fnMap":{"0":{"name":"(anonymous_0)","decl":{"start":{"line":15,"column":12},"end":{"line":15,"column":13}},"loc":{"start":{"line":15,"column":38},"end":{"line":29,"column":1}},"line":15},"1":{"name":"(anonymous_1)","decl":{"start":{"line":22,"column":40},"end":{"line":22,"column":41}},"loc":{"start":{"line":22,"column":45},"end":{"line":22,"column":81}},"line":22},"2":{"name":"(anonymous_2)","decl":{"start":{"line":32,"column":14},"end":{"line":32,"column":15}},"loc":{"start":{"line":32,"column":18},"end":{"line":32,"column":20}},"line":32}},"branchMap":{"0":{"loc":{"start":{"line":17,"column":4},"end":{"line":19,"column":5}},"type":"if","locations":[{"start":{"line":17,"column":4},"end":{"line":19,"column":5}},{"start":{},"end":{}}],"line":17},"1":{"loc":{"start":{"line":22,"column":46},"end":{"line":22,"column":80}},"type":"if","locations":[{"start":{"line":22,"column":46},"end":{"line":22,"column":80}},{"start":{},"end":{}}],"line":22},"2":{"loc":{"start":{"line":23,"column":14},"end":{"line":23,"column":64}},"type":"cond-expr","locations":[{"start":{"line":23,"column":30},"end":{"line":23,"column":58}},{"start":{"line":23,"column":60},"end":{"line":23,"column":64}}],"line":23},"3":{"loc":{"start":{"line":25,"column":14},"end":{"line":25,"column":65}},"type":"cond-expr","locations":[{"start":{"line":25,"column":31},"end":{"line":25,"column":59}},{"start":{"line":25,"column":61},"end":{"line":25,"column":65}}],"line":25}},"s":{"0":6,"1":97,"2":97,"3":64,"4":97,"5":4,"6":4,"7":6},"f":{"0":97,"1":4,"2":0},"b":{"0":[64,33],"1":[4,0],"2":[73,24],"3":[11,86]},"_coverageSchema":"1a1c01bbd47fc00a2c39e90264f33305004495a9","hash":"e36a92bfeedbde61d71495c370229ef030018235"}
,"/Users/kaushiktummalapalli/Desktop/Blinkist_Application/application/src/components/molecules/searchBar/searchBar.stories.tsx": {"path":"/Users/kaushiktummalapalli/Desktop/Blinkist_Application/application/src/components/molecules/searchBar/searchBar.stories.tsx","statementMap":{"0":{"start":{"line":9,"column":59},"end":{"line":11,"column":1}},"1":{"start":{"line":10,"column":4},"end":{"line":10,"column":47}},"2":{"start":{"line":13,"column":0},"end":{"line":15,"column":1}}},"fnMap":{"0":{"name":"(anonymous_0)","decl":{"start":{"line":9,"column":59},"end":{"line":9,"column":60}},"loc":{"start":{"line":9,"column":67},"end":{"line":11,"column":1}},"line":9}},"branchMap":{},"s":{"0":0,"1":0,"2":0},"f":{"0":0},"b":{}}
,"/Users/kaushiktummalapalli/Desktop/Blinkist_Application/application/src/components/molecules/searchBar/searchBars.tsx": {"path":"/Users/kaushiktummalapalli/Desktop/Blinkist_Application/application/src/components/molecules/searchBar/searchBars.tsx","statementMap":{"0":{"start":{"line":8,"column":25},"end":{"line":15,"column":1}},"1":{"start":{"line":9,"column":4},"end":{"line":14,"column":5}}},"fnMap":{"0":{"name":"(anonymous_0)","decl":{"start":{"line":8,"column":25},"end":{"line":8,"column":26}},"loc":{"start":{"line":8,"column":53},"end":{"line":15,"column":1}},"line":8}},"branchMap":{},"s":{"0":1,"1":1},"f":{"0":1},"b":{},"_coverageSchema":"1a1c01bbd47fc00a2c39e90264f33305004495a9","hash":"1ee7361236336c3262488148559e09f7d26b8d81"}
,"/Users/kaushiktummalapalli/Desktop/Blinkist_Application/application/src/components/molecules/tabs/tabs.stories.tsx": {"path":"/Users/kaushiktummalapalli/Desktop/Blinkist_Application/application/src/components/molecules/tabs/tabs.stories.tsx","statementMap":{"0":{"start":{"line":9,"column":53},"end":{"line":11,"column":1}},"1":{"start":{"line":10,"column":4},"end":{"line":10,"column":27}},"2":{"start":{"line":13,"column":0},"end":{"line":16,"column":1}}},"fnMap":{"0":{"name":"(anonymous_0)","decl":{"start":{"line":9,"column":53},"end":{"line":9,"column":54}},"loc":{"start":{"line":9,"column":61},"end":{"line":11,"column":1}},"line":9}},"branchMap":{},"s":{"0":0,"1":0,"2":0},"f":{"0":0},"b":{}}
,"/Users/kaushiktummalapalli/Desktop/Blinkist_Application/application/src/components/molecules/tabs/tabs.tsx": {"path":"/Users/kaushiktummalapalli/Desktop/Blinkist_Application/application/src/components/molecules/tabs/tabs.tsx","statementMap":{"0":{"start":{"line":11,"column":19},"end":{"line":17,"column":1}},"1":{"start":{"line":12,"column":4},"end":{"line":16,"column":5}},"2":{"start":{"line":13,"column":89},"end":{"line":13,"column":123}},"3":{"start":{"line":13,"column":106},"end":{"line":13,"column":123}}},"fnMap":{"0":{"name":"(anonymous_0)","decl":{"start":{"line":11,"column":19},"end":{"line":11,"column":20}},"loc":{"start":{"line":11,"column":41},"end":{"line":17,"column":1}},"line":11},"1":{"name":"(anonymous_1)","decl":{"start":{"line":13,"column":83},"end":{"line":13,"column":84}},"loc":{"start":{"line":13,"column":88},"end":{"line":13,"column":124}},"line":13}},"branchMap":{"0":{"loc":{"start":{"line":13,"column":36},"end":{"line":13,"column":71}},"type":"cond-expr","locations":[{"start":{"line":13,"column":53},"end":{"line":13,"column":67}},{"start":{"line":13,"column":68},"end":{"line":13,"column":71}}],"line":13},"1":{"loc":{"start":{"line":13,"column":89},"end":{"line":13,"column":123}},"type":"if","locations":[{"start":{"line":13,"column":89},"end":{"line":13,"column":123}},{"start":{},"end":{}}],"line":13}},"s":{"0":2,"1":5,"2":1,"3":1},"f":{"0":5,"1":1},"b":{"0":[1,4],"1":[1,0]},"_coverageSchema":"1a1c01bbd47fc00a2c39e90264f33305004495a9","hash":"d43663fb78a2101470c30efda4b15d12313bb15f"}
,"/Users/kaushiktummalapalli/Desktop/Blinkist_Application/application/src/components/organisms/banner/banner.stories.tsx": {"path":"/Users/kaushiktummalapalli/Desktop/Blinkist_Application/application/src/components/organisms/banner/banner.stories.tsx","statementMap":{"0":{"start":{"line":8,"column":62},"end":{"line":16,"column":1}},"1":{"start":{"line":9,"column":4},"end":{"line":15,"column":5}}},"fnMap":{"0":{"name":"(anonymous_0)","decl":{"start":{"line":8,"column":62},"end":{"line":8,"column":63}},"loc":{"start":{"line":8,"column":66},"end":{"line":16,"column":1}},"line":8}},"branchMap":{},"s":{"0":0,"1":0},"f":{"0":0},"b":{}}
,"/Users/kaushiktummalapalli/Desktop/Blinkist_Application/application/src/components/organisms/banner/banner.tsx": {"path":"/Users/kaushiktummalapalli/Desktop/Blinkist_Application/application/src/components/organisms/banner/banner.tsx","statementMap":{"0":{"start":{"line":7,"column":15},"end":{"line":21,"column":1}},"1":{"start":{"line":8,"column":4},"end":{"line":20,"column":5}}},"fnMap":{"0":{"name":"(anonymous_0)","decl":{"start":{"line":7,"column":15},"end":{"line":7,"column":16}},"loc":{"start":{"line":7,"column":19},"end":{"line":21,"column":1}},"line":7}},"branchMap":{},"s":{"0":1,"1":2},"f":{"0":2},"b":{},"_coverageSchema":"1a1c01bbd47fc00a2c39e90264f33305004495a9","hash":"84d6bc0f682c240ca0b9a1ff4237cc000f9606c2"}
,"/Users/kaushiktummalapalli/Desktop/Blinkist_Application/application/src/components/organisms/bookView/bookView.stories.tsx": {"path":"/Users/kaushiktummalapalli/Desktop/Blinkist_Application/application/src/components/organisms/bookView/bookView.stories.tsx","statementMap":{"0":{"start":{"line":10,"column":56},"end":{"line":25,"column":1}},"1":{"start":{"line":11,"column":4},"end":{"line":24,"column":10}}},"fnMap":{"0":{"name":"(anonymous_0)","decl":{"start":{"line":10,"column":56},"end":{"line":10,"column":57}},"loc":{"start":{"line":10,"column":60},"end":{"line":25,"column":1}},"line":10}},"branchMap":{},"s":{"0":0,"1":0},"f":{"0":0},"b":{}}
,"/Users/kaushiktummalapalli/Desktop/Blinkist_Application/application/src/components/organisms/bookView/bookView.tsx": {"path":"/Users/kaushiktummalapalli/Desktop/Blinkist_Application/application/src/components/organisms/bookView/bookView.tsx","statementMap":{"0":{"start":{"line":14,"column":24},"end":{"line":42,"column":1}},"1":{"start":{"line":15,"column":4},"end":{"line":15,"column":43}},"2":{"start":{"line":16,"column":4},"end":{"line":41,"column":16}}},"fnMap":{"0":{"name":"(anonymous_0)","decl":{"start":{"line":14,"column":24},"end":{"line":14,"column":25}},"loc":{"start":{"line":14,"column":51},"end":{"line":42,"column":1}},"line":14},"1":{"name":"(anonymous_1)","decl":{"start":{"line":26,"column":143},"end":{"line":26,"column":144}},"loc":{"start":{"line":26,"column":147},"end":{"line":26,"column":149}},"line":26},"2":{"name":"(anonymous_2)","decl":{"start":{"line":28,"column":149},"end":{"line":28,"column":150}},"loc":{"start":{"line":28,"column":153},"end":{"line":28,"column":155}},"line":28}},"branchMap":{"0":{"loc":{"start":{"line":26,"column":89},"end":{"line":26,"column":149}},"type":"cond-expr","locations":[{"start":{"line":26,"column":116},"end":{"line":26,"column":142}},{"start":{"line":26,"column":143},"end":{"line":26,"column":149}}],"line":26},"1":{"loc":{"start":{"line":28,"column":93},"end":{"line":28,"column":155}},"type":"cond-expr","locations":[{"start":{"line":28,"column":121},"end":{"line":28,"column":148}},{"start":{"line":28,"column":149},"end":{"line":28,"column":155}}],"line":28}},"s":{"0":1,"1":1,"2":1},"f":{"0":1,"1":0,"2":0},"b":{"0":[0,1],"1":[0,1]},"_coverageSchema":"1a1c01bbd47fc00a2c39e90264f33305004495a9","hash":"bd372ff47a93751e952705c7aebdd0803a108426"}
,"/Users/kaushiktummalapalli/Desktop/Blinkist_Application/application/src/components/organisms/cardGrid/cardGrid.stories.tsx": {"path":"/Users/kaushiktummalapalli/Desktop/Blinkist_Application/application/src/components/organisms/cardGrid/cardGrid.stories.tsx","statementMap":{"0":{"start":{"line":12,"column":57},"end":{"line":76,"column":1}},"1":{"start":{"line":13,"column":34},"end":{"line":70,"column":19}},"2":{"start":{"line":71,"column":4},"end":{"line":75,"column":18}}},"fnMap":{"0":{"name":"(anonymous_0)","decl":{"start":{"line":12,"column":57},"end":{"line":12,"column":58}},"loc":{"start":{"line":12,"column":61},"end":{"line":76,"column":1}},"line":12}},"branchMap":{},"s":{"0":0,"1":0,"2":0},"f":{"0":0},"b":{}}
,"/Users/kaushiktummalapalli/Desktop/Blinkist_Application/application/src/components/organisms/cardGrid/cardGrid.tsx": {"path":"/Users/kaushiktummalapalli/Desktop/Blinkist_Application/application/src/components/organisms/cardGrid/cardGrid.tsx","statementMap":{"0":{"start":{"line":10,"column":15},"end":{"line":34,"column":1}},"1":{"start":{"line":12,"column":4},"end":{"line":28,"column":6}},"2":{"start":{"line":14,"column":8},"end":{"line":27,"column":22}},"3":{"start":{"line":25,"column":51},"end":{"line":25,"column":109}},"4":{"start":{"line":25,"column":77},"end":{"line":25,"column":109}},"5":{"start":{"line":26,"column":51},"end":{"line":26,"column":109}},"6":{"start":{"line":26,"column":77},"end":{"line":26,"column":109}},"7":{"start":{"line":29,"column":4},"end":{"line":33,"column":5}}},"fnMap":{"0":{"name":"(anonymous_0)","decl":{"start":{"line":10,"column":15},"end":{"line":10,"column":16}},"loc":{"start":{"line":10,"column":42},"end":{"line":34,"column":1}},"line":10},"1":{"name":"(anonymous_1)","decl":{"start":{"line":12,"column":26},"end":{"line":12,"column":27}},"loc":{"start":{"line":12,"column":53},"end":{"line":28,"column":5}},"line":12},"2":{"name":"(anonymous_2)","decl":{"start":{"line":25,"column":46},"end":{"line":25,"column":47}},"loc":{"start":{"line":25,"column":50},"end":{"line":25,"column":110}},"line":25},"3":{"name":"(anonymous_3)","decl":{"start":{"line":26,"column":46},"end":{"line":26,"column":47}},"loc":{"start":{"line":26,"column":50},"end":{"line":26,"column":110}},"line":26}},"branchMap":{"0":{"loc":{"start":{"line":25,"column":51},"end":{"line":25,"column":109}},"type":"if","locations":[{"start":{"line":25,"column":51},"end":{"line":25,"column":109}},{"start":{},"end":{}}],"line":25},"1":{"loc":{"start":{"line":26,"column":51},"end":{"line":26,"column":109}},"type":"if","locations":[{"start":{"line":26,"column":51},"end":{"line":26,"column":109}},{"start":{},"end":{}}],"line":26}},"s":{"0":1,"1":3,"2":3,"3":1,"4":1,"5":1,"6":1,"7":3},"f":{"0":3,"1":3,"2":1,"3":1},"b":{"0":[1,0],"1":[1,0]},"_coverageSchema":"1a1c01bbd47fc00a2c39e90264f33305004495a9","hash":"4fb8bcb15f163a40cd8eef62263f33cd4168b2a6"}
,"/Users/kaushiktummalapalli/Desktop/Blinkist_Application/application/src/components/organisms/footer/footer.stories.tsx": {"path":"/Users/kaushiktummalapalli/Desktop/Blinkist_Application/application/src/components/organisms/footer/footer.stories.tsx","statementMap":{"0":{"start":{"line":9,"column":55},"end":{"line":13,"column":1}},"1":{"start":{"line":10,"column":4},"end":{"line":12,"column":5}}},"fnMap":{"0":{"name":"(anonymous_0)","decl":{"start":{"line":9,"column":55},"end":{"line":9,"column":56}},"loc":{"start":{"line":9,"column":59},"end":{"line":13,"column":1}},"line":9}},"branchMap":{},"s":{"0":0,"1":0},"f":{"0":0},"b":{}}
,"/Users/kaushiktummalapalli/Desktop/Blinkist_Application/application/src/components/organisms/footer/footer.tsx": {"path":"/Users/kaushiktummalapalli/Desktop/Blinkist_Application/application/src/components/organisms/footer/footer.tsx","statementMap":{"0":{"start":{"line":6,"column":22},"end":{"line":40,"column":1}},"1":{"start":{"line":7,"column":4},"end":{"line":39,"column":5}}},"fnMap":{"0":{"name":"(anonymous_0)","decl":{"start":{"line":6,"column":22},"end":{"line":6,"column":23}},"loc":{"start":{"line":6,"column":47},"end":{"line":40,"column":1}},"line":6}},"branchMap":{},"s":{"0":1,"1":1},"f":{"0":1},"b":{},"_coverageSchema":"1a1c01bbd47fc00a2c39e90264f33305004495a9","hash":"8ea80a2ce7b356521863ff9d1dfacfedf4080c31"}
,"/Users/kaushiktummalapalli/Desktop/Blinkist_Application/application/src/components/organisms/header/header.stories.tsx": {"path":"/Users/kaushiktummalapalli/Desktop/Blinkist_Application/application/src/components/organisms/header/header.stories.tsx","statementMap":{"0":{"start":{"line":9,"column":54},"end":{"line":13,"column":1}},"1":{"start":{"line":10,"column":4},"end":{"line":12,"column":5}},"2":{"start":{"line":14,"column":0},"end":{"line":18,"column":1}}},"fnMap":{"0":{"name":"(anonymous_0)","decl":{"start":{"line":9,"column":54},"end":{"line":9,"column":55}},"loc":{"start":{"line":9,"column":62},"end":{"line":13,"column":1}},"line":9},"1":{"name":"(anonymous_1)","decl":{"start":{"line":16,"column":22},"end":{"line":16,"column":23}},"loc":{"start":{"line":16,"column":26},"end":{"line":16,"column":28}},"line":16},"2":{"name":"(anonymous_2)","decl":{"start":{"line":17,"column":19},"end":{"line":17,"column":20}},"loc":{"start":{"line":17,"column":23},"end":{"line":17,"column":25}},"line":17}},"branchMap":{},"s":{"0":0,"1":0,"2":0},"f":{"0":0,"1":0,"2":0},"b":{}}
,"/Users/kaushiktummalapalli/Desktop/Blinkist_Application/application/src/components/organisms/header/header.tsx": {"path":"/Users/kaushiktummalapalli/Desktop/Blinkist_Application/application/src/components/organisms/header/header.tsx","statementMap":{"0":{"start":{"line":17,"column":21},"end":{"line":20,"column":3}},"1":{"start":{"line":18,"column":32},"end":{"line":18,"column":42}},"2":{"start":{"line":19,"column":4},"end":{"line":19,"column":128}},"3":{"start":{"line":19,"column":65},"end":{"line":19,"column":87}},"4":{"start":{"line":19,"column":88},"end":{"line":19,"column":108}},"5":{"start":{"line":22,"column":21},"end":{"line":22,"column":31}},"6":{"start":{"line":23,"column":4},"end":{"line":27,"column":6}},"7":{"start":{"line":24,"column":56},"end":{"line":24,"column":100}},"8":{"start":{"line":30,"column":22},"end":{"line":85,"column":1}},"9":{"start":{"line":31,"column":38},"end":{"line":31,"column":53}},"10":{"start":{"line":32,"column":4},"end":{"line":84,"column":6}},"11":{"start":{"line":39,"column":163},"end":{"line":39,"column":210}},"12":{"start":{"line":39,"column":188},"end":{"line":39,"column":210}},"13":{"start":{"line":40,"column":137},"end":{"line":40,"column":179}},"14":{"start":{"line":40,"column":159},"end":{"line":40,"column":179}},"15":{"start":{"line":46,"column":165},"end":{"line":46,"column":193}},"16":{"start":{"line":58,"column":39},"end":{"line":58,"column":67}}},"fnMap":{"0":{"name":"(anonymous_0)","decl":{"start":{"line":17,"column":21},"end":{"line":17,"column":22}},"loc":{"start":{"line":17,"column":25},"end":{"line":20,"column":3}},"line":17},"1":{"name":"(anonymous_1)","decl":{"start":{"line":19,"column":57},"end":{"line":19,"column":58}},"loc":{"start":{"line":19,"column":63},"end":{"line":19,"column":110}},"line":19},"2":{"name":"LogoutButton","decl":{"start":{"line":21,"column":9},"end":{"line":21,"column":21}},"loc":{"start":{"line":21,"column":24},"end":{"line":28,"column":1}},"line":21},"3":{"name":"(anonymous_3)","decl":{"start":{"line":24,"column":50},"end":{"line":24,"column":51}},"loc":{"start":{"line":24,"column":56},"end":{"line":24,"column":100}},"line":24},"4":{"name":"(anonymous_4)","decl":{"start":{"line":30,"column":22},"end":{"line":30,"column":23}},"loc":{"start":{"line":30,"column":47},"end":{"line":85,"column":1}},"line":30},"5":{"name":"(anonymous_5)","decl":{"start":{"line":39,"column":158},"end":{"line":39,"column":159}},"loc":{"start":{"line":39,"column":162},"end":{"line":39,"column":211}},"line":39},"6":{"name":"(anonymous_6)","decl":{"start":{"line":40,"column":132},"end":{"line":40,"column":133}},"loc":{"start":{"line":40,"column":136},"end":{"line":40,"column":180}},"line":40},"7":{"name":"(anonymous_7)","decl":{"start":{"line":46,"column":160},"end":{"line":46,"column":161}},"loc":{"start":{"line":46,"column":164},"end":{"line":46,"column":194}},"line":46},"8":{"name":"(anonymous_8)","decl":{"start":{"line":58,"column":34},"end":{"line":58,"column":35}},"loc":{"start":{"line":58,"column":38},"end":{"line":58,"column":68}},"line":58},"9":{"name":"(anonymous_9)","decl":{"start":{"line":78,"column":83},"end":{"line":78,"column":84}},"loc":{"start":{"line":78,"column":87},"end":{"line":78,"column":89}},"line":78}},"branchMap":{"0":{"loc":{"start":{"line":39,"column":85},"end":{"line":39,"column":127}},"type":"cond-expr","locations":[{"start":{"line":39,"column":102},"end":{"line":39,"column":112}},{"start":{"line":39,"column":115},"end":{"line":39,"column":127}}],"line":39},"1":{"loc":{"start":{"line":39,"column":163},"end":{"line":39,"column":210}},"type":"if","locations":[{"start":{"line":39,"column":163},"end":{"line":39,"column":210}},{"start":{},"end":{}}],"line":39},"2":{"loc":{"start":{"line":40,"column":137},"end":{"line":40,"column":179}},"type":"if","locations":[{"start":{"line":40,"column":137},"end":{"line":40,"column":179}},{"start":{},"end":{}}],"line":40},"3":{"loc":{"start":{"line":43,"column":21},"end":{"line":71,"column":23}},"type":"cond-expr","locations":[{"start":{"line":45,"column":20},"end":{"line":55,"column":23}},{"start":{"line":57,"column":20},"end":{"line":71,"column":23}}],"line":43},"4":{"loc":{"start":{"line":46,"column":85},"end":{"line":46,"column":128}},"type":"cond-expr","locations":[{"start":{"line":46,"column":103},"end":{"line":46,"column":113}},{"start":{"line":46,"column":116},"end":{"line":46,"column":128}}],"line":46},"5":{"loc":{"start":{"line":47,"column":21},"end":{"line":53,"column":25}},"type":"cond-expr","locations":[{"start":{"line":48,"column":24},"end":{"line":52,"column":23}},{"start":{"line":53,"column":21},"end":{"line":53,"column":25}}],"line":47},"6":{"loc":{"start":{"line":49,"column":25},"end":{"line":50,"column":58}},"type":"cond-expr","locations":[{"start":{"line":50,"column":28},"end":{"line":50,"column":43}},{"start":{"line":50,"column":44},"end":{"line":50,"column":58}}],"line":49},"7":{"loc":{"start":{"line":60,"column":36},"end":{"line":60,"column":79}},"type":"cond-expr","locations":[{"start":{"line":60,"column":54},"end":{"line":60,"column":64}},{"start":{"line":60,"column":67},"end":{"line":60,"column":79}}],"line":60},"8":{"loc":{"start":{"line":63,"column":21},"end":{"line":69,"column":29}},"type":"cond-expr","locations":[{"start":{"line":64,"column":24},"end":{"line":68,"column":27}},{"start":{"line":69,"column":25},"end":{"line":69,"column":29}}],"line":63},"9":{"loc":{"start":{"line":65,"column":29},"end":{"line":66,"column":62}},"type":"cond-expr","locations":[{"start":{"line":66,"column":32},"end":{"line":66,"column":47}},{"start":{"line":66,"column":48},"end":{"line":66,"column":62}}],"line":65},"10":{"loc":{"start":{"line":76,"column":9},"end":{"line":82,"column":12}},"type":"cond-expr","locations":[{"start":{"line":77,"column":8},"end":{"line":80,"column":11}},{"start":{"line":82,"column":8},"end":{"line":82,"column":12}}],"line":76},"11":{"loc":{"start":{"line":78,"column":26},"end":{"line":78,"column":89}},"type":"cond-expr","locations":[{"start":{"line":78,"column":57},"end":{"line":78,"column":80}},{"start":{"line":78,"column":83},"end":{"line":78,"column":89}}],"line":78}},"s":{"0":1,"1":0,"2":0,"3":0,"4":0,"5":0,"6":0,"7":0,"8":1,"9":4,"10":4,"11":1,"12":1,"13":1,"14":1,"15":0,"16":0},"f":{"0":0,"1":0,"2":0,"3":0,"4":4,"5":1,"6":1,"7":0,"8":0,"9":0},"b":{"0":[1,3],"1":[1,0],"2":[1,0],"3":[4,0],"4":[0,4],"5":[0,4],"6":[0,0],"7":[0,0],"8":[0,0],"9":[0,0],"10":[1,3],"11":[0,1]},"_coverageSchema":"1a1c01bbd47fc00a2c39e90264f33305004495a9","hash":"c0f0b83feccebf32940c54bf6c29a3e205caaba5"}
,"/Users/kaushiktummalapalli/Desktop/Blinkist_Application/application/src/components/organisms/toolBar/toolbar.stories.tsx": {"path":"/Users/kaushiktummalapalli/Desktop/Blinkist_Application/application/src/components/organisms/toolBar/toolbar.stories.tsx","statementMap":{"0":{"start":{"line":9,"column":55},"end":{"line":13,"column":1}},"1":{"start":{"line":10,"column":4},"end":{"line":12,"column":5}},"2":{"start":{"line":14,"column":0},"end":{"line":15,"column":1}}},"fnMap":{"0":{"name":"(anonymous_0)","decl":{"start":{"line":9,"column":55},"end":{"line":9,"column":56}},"loc":{"start":{"line":9,"column":63},"end":{"line":13,"column":1}},"line":9}},"branchMap":{},"s":{"0":0,"1":0,"2":0},"f":{"0":0},"b":{}}
,"/Users/kaushiktummalapalli/Desktop/Blinkist_Application/application/src/components/organisms/toolBar/toolbar.tsx": {"path":"/Users/kaushiktummalapalli/Desktop/Blinkist_Application/application/src/components/organisms/toolBar/toolbar.tsx","statementMap":{"0":{"start":{"line":7,"column":23},"end":{"line":59,"column":1}},"1":{"start":{"line":8,"column":4},"end":{"line":58,"column":5}},"2":{"start":{"line":20,"column":132},"end":{"line":20,"column":147}}},"fnMap":{"0":{"name":"(anonymous_0)","decl":{"start":{"line":7,"column":23},"end":{"line":7,"column":24}},"loc":{"start":{"line":7,"column":49},"end":{"line":59,"column":1}},"line":7},"1":{"name":"(anonymous_1)","decl":{"start":{"line":20,"column":127},"end":{"line":20,"column":128}},"loc":{"start":{"line":20,"column":131},"end":{"line":20,"column":148}},"line":20}},"branchMap":{},"s":{"0":2,"1":3,"2":1},"f":{"0":3,"1":1},"b":{},"_coverageSchema":"1a1c01bbd47fc00a2c39e90264f33305004495a9","hash":"17f13b180368c884e8b43fb3e42843251d027871"}
,"/Users/kaushiktummalapalli/Desktop/Blinkist_Application/application/src/stories/Button.stories.tsx": {"path":"/Users/kaushiktummalapalli/Desktop/Blinkist_Application/application/src/stories/Button.stories.tsx","statementMap":{"0":{"start":{"line":17,"column":48},"end":{"line":17,"column":78}},"1":{"start":{"line":17,"column":58},"end":{"line":17,"column":78}},"2":{"start":{"line":19,"column":23},"end":{"line":19,"column":40}},"3":{"start":{"line":21,"column":0},"end":{"line":24,"column":2}},"4":{"start":{"line":26,"column":25},"end":{"line":26,"column":42}},"5":{"start":{"line":27,"column":0},"end":{"line":29,"column":2}},"6":{"start":{"line":31,"column":21},"end":{"line":31,"column":38}},"7":{"start":{"line":32,"column":0},"end":{"line":35,"column":2}},"8":{"start":{"line":37,"column":21},"end":{"line":37,"column":38}},"9":{"start":{"line":38,"column":0},"end":{"line":41,"column":2}}},"fnMap":{"0":{"name":"(anonymous_0)","decl":{"start":{"line":17,"column":48},"end":{"line":17,"column":49}},"loc":{"start":{"line":17,"column":58},"end":{"line":17,"column":78}},"line":17}},"branchMap":{},"s":{"0":0,"1":0,"2":0,"3":0,"4":0,"5":0,"6":0,"7":0,"8":0,"9":0},"f":{"0":0},"b":{}}
,"/Users/kaushiktummalapalli/Desktop/Blinkist_Application/application/src/stories/Button.tsx": {"path":"/Users/kaushiktummalapalli/Desktop/Blinkist_Application/application/src/stories/Button.tsx","statementMap":{"0":{"start":{"line":30,"column":22},"end":{"line":48,"column":1}},"1":{"start":{"line":37,"column":15},"end":{"line":37,"column":84}},"2":{"start":{"line":38,"column":2},"end":{"line":47,"column":4}}},"fnMap":{"0":{"name":"(anonymous_0)","decl":{"start":{"line":30,"column":22},"end":{"line":30,"column":23}},"loc":{"start":{"line":36,"column":19},"end":{"line":48,"column":1}},"line":36}},"branchMap":{"0":{"loc":{"start":{"line":31,"column":2},"end":{"line":31,"column":17}},"type":"default-arg","locations":[{"start":{"line":31,"column":12},"end":{"line":31,"column":17}}],"line":31},"1":{"loc":{"start":{"line":32,"column":2},"end":{"line":32,"column":17}},"type":"default-arg","locations":[{"start":{"line":32,"column":9},"end":{"line":32,"column":17}}],"line":32},"2":{"loc":{"start":{"line":37,"column":15},"end":{"line":37,"column":84}},"type":"cond-expr","locations":[{"start":{"line":37,"column":25},"end":{"line":37,"column":52}},{"start":{"line":37,"column":55},"end":{"line":37,"column":84}}],"line":37}},"s":{"0":0,"1":0,"2":0},"f":{"0":0},"b":{"0":[0],"1":[0],"2":[0,0]}}
,"/Users/kaushiktummalapalli/Desktop/Blinkist_Application/application/src/stories/Header.stories.tsx": {"path":"/Users/kaushiktummalapalli/Desktop/Blinkist_Application/application/src/stories/Header.stories.tsx","statementMap":{"0":{"start":{"line":15,"column":48},"end":{"line":15,"column":78}},"1":{"start":{"line":15,"column":58},"end":{"line":15,"column":78}},"2":{"start":{"line":17,"column":24},"end":{"line":17,"column":41}},"3":{"start":{"line":18,"column":0},"end":{"line":22,"column":2}},"4":{"start":{"line":24,"column":25},"end":{"line":24,"column":42}},"5":{"start":{"line":25,"column":0},"end":{"line":25,"column":20}}},"fnMap":{"0":{"name":"(anonymous_0)","decl":{"start":{"line":15,"column":48},"end":{"line":15,"column":49}},"loc":{"start":{"line":15,"column":58},"end":{"line":15,"column":78}},"line":15}},"branchMap":{},"s":{"0":0,"1":0,"2":0,"3":0,"4":0,"5":0},"f":{"0":0},"b":{}}
,"/Users/kaushiktummalapalli/Desktop/Blinkist_Application/application/src/stories/Header.tsx": {"path":"/Users/kaushiktummalapalli/Desktop/Blinkist_Application/application/src/stories/Header.tsx","statementMap":{"0":{"start":{"line":17,"column":22},"end":{"line":56,"column":1}},"1":{"start":{"line":18,"column":2},"end":{"line":55,"column":11}}},"fnMap":{"0":{"name":"(anonymous_0)","decl":{"start":{"line":17,"column":22},"end":{"line":17,"column":23}},"loc":{"start":{"line":18,"column":2},"end":{"line":55,"column":11}},"line":18}},"branchMap":{"0":{"loc":{"start":{"line":40,"column":9},"end":{"line":52,"column":9}},"type":"cond-expr","locations":[{"start":{"line":41,"column":10},"end":{"line":46,"column":13}},{"start":{"line":48,"column":10},"end":{"line":51,"column":13}}],"line":40}},"s":{"0":0,"1":0},"f":{"0":0},"b":{"0":[0,0]}}
,"/Users/kaushiktummalapalli/Desktop/Blinkist_Application/application/src/stories/Page.stories.tsx": {"path":"/Users/kaushiktummalapalli/Desktop/Blinkist_Application/application/src/stories/Page.stories.tsx","statementMap":{"0":{"start":{"line":15,"column":46},"end":{"line":15,"column":74}},"1":{"start":{"line":15,"column":56},"end":{"line":15,"column":74}},"2":{"start":{"line":17,"column":25},"end":{"line":17,"column":42}},"3":{"start":{"line":19,"column":24},"end":{"line":19,"column":41}},"4":{"start":{"line":22,"column":0},"end":{"line":26,"column":2}},"5":{"start":{"line":23,"column":17},"end":{"line":23,"column":38}},"6":{"start":{"line":24,"column":22},"end":{"line":24,"column":75}},"7":{"start":{"line":25,"column":2},"end":{"line":25,"column":37}}},"fnMap":{"0":{"name":"(anonymous_0)","decl":{"start":{"line":15,"column":46},"end":{"line":15,"column":47}},"loc":{"start":{"line":15,"column":56},"end":{"line":15,"column":74}},"line":15},"1":{"name":"(anonymous_1)","decl":{"start":{"line":22,"column":16},"end":{"line":22,"column":17}},"loc":{"start":{"line":22,"column":45},"end":{"line":26,"column":1}},"line":22}},"branchMap":{},"s":{"0":0,"1":0,"2":0,"3":0,"4":0,"5":0,"6":0,"7":0},"f":{"0":0,"1":0},"b":{}}
,"/Users/kaushiktummalapalli/Desktop/Blinkist_Application/application/src/stories/Page.tsx": {"path":"/Users/kaushiktummalapalli/Desktop/Blinkist_Application/application/src/stories/Page.tsx","statementMap":{"0":{"start":{"line":10,"column":31},"end":{"line":73,"column":1}},"1":{"start":{"line":11,"column":26},"end":{"line":11,"column":48}},"2":{"start":{"line":13,"column":2},"end":{"line":72,"column":4}},"3":{"start":{"line":17,"column":23},"end":{"line":17,"column":52}},"4":{"start":{"line":18,"column":24},"end":{"line":18,"column":42}},"5":{"start":{"line":19,"column":31},"end":{"line":19,"column":60}}},"fnMap":{"0":{"name":"(anonymous_0)","decl":{"start":{"line":10,"column":31},"end":{"line":10,"column":32}},"loc":{"start":{"line":10,"column":37},"end":{"line":73,"column":1}},"line":10},"1":{"name":"(anonymous_1)","decl":{"start":{"line":17,"column":17},"end":{"line":17,"column":18}},"loc":{"start":{"line":17,"column":23},"end":{"line":17,"column":52}},"line":17},"2":{"name":"(anonymous_2)","decl":{"start":{"line":18,"column":18},"end":{"line":18,"column":19}},"loc":{"start":{"line":18,"column":24},"end":{"line":18,"column":42}},"line":18},"3":{"name":"(anonymous_3)","decl":{"start":{"line":19,"column":25},"end":{"line":19,"column":26}},"loc":{"start":{"line":19,"column":31},"end":{"line":19,"column":60}},"line":19}},"branchMap":{},"s":{"0":0,"1":0,"2":0,"3":0,"4":0,"5":0},"f":{"0":0,"1":0,"2":0,"3":0},"b":{}}
}
