TN:
SF:src/App.tsx
FN:30,App
FN:59,(anonymous_1)
FN:59,(anonymous_2)
FN:61,(anonymous_3)
FN:72,(anonymous_4)
FN:81,(anonymous_5)
FN:83,(anonymous_6)
FN:96,(anonymous_7)
FN:99,(anonymous_8)
FN:110,(anonymous_9)
FN:113,(anonymous_10)
FN:119,(anonymous_11)
FN:122,(anonymous_12)
FN:150,(anonymous_13)
FN:151,(anonymous_14)
FN:152,(anonymous_15)
FN:171,(anonymous_16)
FN:172,(anonymous_17)
FNF:18
FNH:0
FNDA:0,App
FNDA:0,(anonymous_1)
FNDA:0,(anonymous_2)
FNDA:0,(anonymous_3)
FNDA:0,(anonymous_4)
FNDA:0,(anonymous_5)
FNDA:0,(anonymous_6)
FNDA:0,(anonymous_7)
FNDA:0,(anonymous_8)
FNDA:0,(anonymous_9)
FNDA:0,(anonymous_10)
FNDA:0,(anonymous_11)
FNDA:0,(anonymous_12)
FNDA:0,(anonymous_13)
FNDA:0,(anonymous_14)
FNDA:0,(anonymous_15)
FNDA:0,(anonymous_16)
FNDA:0,(anonymous_17)
DA:32,0
DA:34,0
DA:45,0
DA:46,0
DA:47,0
DA:48,0
DA:49,0
DA:50,0
DA:51,0
DA:52,0
DA:53,0
DA:54,0
DA:55,0
DA:57,0
DA:58,0
DA:59,0
DA:60,0
DA:61,0
DA:62,0
DA:63,0
DA:64,0
DA:66,0
DA:67,0
DA:70,0
DA:73,0
DA:74,0
DA:75,0
DA:77,0
DA:78,0
DA:79,0
DA:82,0
DA:83,0
DA:84,0
DA:85,0
DA:86,0
DA:87,0
DA:88,0
DA:90,0
DA:92,0
DA:93,0
DA:94,0
DA:97,0
DA:98,0
DA:99,0
DA:100,0
DA:101,0
DA:102,0
DA:104,0
DA:106,0
DA:110,0
DA:111,0
DA:112,0
DA:113,0
DA:114,0
DA:115,0
DA:117,0
DA:119,0
DA:120,0
DA:121,0
DA:122,0
DA:123,0
DA:124,0
DA:125,0
DA:127,0
DA:146,0
DA:150,0
DA:151,0
DA:152,0
DA:171,0
DA:172,0
LF:70
LH:0
BRDA:57,0,0,0
BRDA:57,0,1,0
BRDA:57,1,0,0
BRDA:57,1,1,0
BRDA:73,2,0,0
BRDA:73,2,1,0
BRDA:78,3,0,0
BRDA:78,3,1,0
BRDA:84,4,0,0
BRDA:84,4,1,0
BRDA:97,5,0,0
BRDA:97,5,1,0
BRDA:100,6,0,0
BRDA:100,6,1,0
BRDA:114,7,0,0
BRDA:114,7,1,0
BRDA:123,8,0,0
BRDA:123,8,1,0
BRDA:154,9,0,0
BRDA:154,9,1,0
BRDA:158,10,0,0
BRDA:158,10,1,0
BRF:22
BRH:0
end_of_record
TN:
SF:src/index.tsx
FNF:0
FNH:0
DA:8,0
DA:18,0
LF:2
LH:0
BRF:0
BRH:0
end_of_record
TN:
SF:src/reportWebVitals.ts
FN:3,(anonymous_0)
FN:5,(anonymous_1)
FNF:2
FNH:0
FNDA:0,(anonymous_0)
FNDA:0,(anonymous_1)
DA:3,0
DA:4,0
DA:5,0
DA:6,0
DA:7,0
DA:8,0
DA:9,0
DA:10,0
LF:8
LH:0
BRDA:4,0,0,0
BRDA:4,0,1,0
BRDA:4,1,0,0
BRDA:4,1,1,0
BRF:4
BRH:0
end_of_record
TN:
SF:src/theme.tsx
FNF:0
FNH:0
DA:3,0
LF:1
LH:0
BRF:0
BRH:0
end_of_record
TN:
SF:src/components/atoms/Icon/icon.stories.tsx
FN:9,(anonymous_0)
FNF:1
FNH:0
FNDA:0,(anonymous_0)
DA:9,0
DA:11,0
DA:12,0
DA:16,0
DA:17,0
DA:21,0
DA:22,0
DA:26,0
DA:27,0
LF:9
LH:0
BRF:0
BRH:0
end_of_record
TN:
SF:src/components/atoms/Icon/icons.tsx
FN:29,(anonymous_0)
FNF:1
FNH:1
FNDA:93,(anonymous_0)
DA:29,8
DA:30,93
DA:31,3
DA:34,90
DA:35,7
DA:38,83
DA:39,1
DA:42,82
DA:43,5
DA:46,77
DA:47,4
DA:50,73
DA:51,3
DA:54,70
DA:55,10
DA:58,60
DA:59,9
DA:62,51
DA:63,0
DA:66,51
DA:67,3
DA:68,48
DA:69,3
DA:70,45
DA:71,3
DA:72,42
DA:73,6
DA:74,36
DA:75,3
DA:76,33
DA:77,3
DA:78,30
DA:79,3
DA:80,27
DA:81,3
DA:82,24
DA:83,3
DA:84,21
DA:85,3
DA:86,18
DA:87,3
DA:88,15
DA:89,3
DA:90,12
DA:91,3
DA:92,9
DA:93,3
DA:94,6
DA:95,3
DA:97,3
LF:50
LH:49
BRDA:30,0,0,3
BRDA:30,0,1,90
BRDA:34,1,0,7
BRDA:34,1,1,83
BRDA:38,2,0,1
BRDA:38,2,1,82
BRDA:42,3,0,5
BRDA:42,3,1,77
BRDA:46,4,0,4
BRDA:46,4,1,73
BRDA:50,5,0,3
BRDA:50,5,1,70
BRDA:54,6,0,10
BRDA:54,6,1,60
BRDA:58,7,0,9
BRDA:58,7,1,51
BRDA:62,8,0,0
BRDA:62,8,1,51
BRDA:66,9,0,3
BRDA:66,9,1,48
BRDA:68,10,0,3
BRDA:68,10,1,45
BRDA:70,11,0,3
BRDA:70,11,1,42
BRDA:72,12,0,6
BRDA:72,12,1,36
BRDA:74,13,0,3
BRDA:74,13,1,33
BRDA:76,14,0,3
BRDA:76,14,1,30
BRDA:78,15,0,3
BRDA:78,15,1,27
BRDA:80,16,0,3
BRDA:80,16,1,24
BRDA:82,17,0,3
BRDA:82,17,1,21
BRDA:84,18,0,3
BRDA:84,18,1,18
BRDA:86,19,0,3
BRDA:86,19,1,15
BRDA:88,20,0,3
BRDA:88,20,1,12
BRDA:90,21,0,3
BRDA:90,21,1,9
BRDA:92,22,0,3
BRDA:92,22,1,6
BRDA:94,23,0,3
BRDA:94,23,1,3
BRF:48
BRH:47
end_of_record
TN:
SF:src/components/atoms/Typo/typo.stories.tsx
FN:9,(anonymous_0)
FNF:1
FNH:0
FNDA:0,(anonymous_0)
DA:9,0
DA:10,0
DA:15,0
LF:3
LH:0
BRF:0
BRH:0
end_of_record
TN:
SF:src/components/atoms/Typo/typo.tsx
FN:9,(anonymous_0)
FNF:1
FNH:1
FNDA:42,(anonymous_0)
DA:9,5
DA:10,42
LF:2
LH:2
BRF:0
BRH:0
end_of_record
TN:
SF:src/components/atoms/avatar/avatar.tsx
FN:5,(anonymous_0)
FNF:1
FNH:1
FNDA:1,(anonymous_0)
DA:5,2
DA:6,1
LF:2
LH:2
BRF:0
BRH:0
end_of_record
TN:
SF:src/components/atoms/avatar/icon_value.stories.tsx
FN:12,(anonymous_0)
FNF:1
FNH:0
FNDA:0,(anonymous_0)
DA:12,0
DA:13,0
DA:17,0
LF:3
LH:0
BRF:0
BRH:0
end_of_record
TN:
SF:src/components/atoms/cover_images/coverImages.stories.tsx
FN:17,(anonymous_0)
FNF:1
FNH:0
FNDA:0,(anonymous_0)
DA:17,0
DA:19,0
LF:2
LH:0
BRF:0
BRH:0
end_of_record
TN:
SF:src/components/atoms/cover_images/coverImages.tsx
FN:9,(anonymous_0)
FNF:1
FNH:1
FNDA:19,(anonymous_0)
DA:9,7
DA:10,19
DA:11,19
LF:3
LH:3
BRF:0
BRH:0
end_of_record
TN:
SF:src/components/atoms/logo/logo.stories.tsx
FN:17,(anonymous_0)
FNF:1
FNH:0
FNDA:0,(anonymous_0)
DA:17,0
LF:1
LH:0
BRF:0
BRH:0
end_of_record
TN:
SF:src/components/atoms/logo/logo.tsx
FN:3,(anonymous_0)
FNF:1
FNH:0
FNDA:0,(anonymous_0)
DA:3,0
DA:4,0
LF:2
LH:0
BRF:0
BRH:0
end_of_record
TN:
SF:src/components/molecules/buttons/buttons.stories.tsx
FN:9,(anonymous_0)
FNF:1
FNH:0
FNDA:0,(anonymous_0)
DA:9,0
DA:10,0
DA:13,0
DA:19,0
DA:20,0
LF:5
LH:0
BRF:0
BRH:0
end_of_record
TN:
SF:src/components/molecules/buttons/buttons.tsx
FN:10,(anonymous_0)
FN:14,(anonymous_1)
FNF:2
FNH:2
FNDA:8,(anonymous_0)
FNDA:3,(anonymous_1)
DA:10,4
DA:11,8
DA:12,8
DA:13,8
DA:14,3
LF:5
LH:5
BRDA:12,0,0,4
BRDA:12,0,1,4
BRDA:14,1,0,3
BRDA:14,1,1,0
BRDA:15,2,0,4
BRDA:15,2,1,4
BRF:6
BRH:5
end_of_record
TN:
SF:src/components/molecules/cards/bookCards.stories.tsx
FN:11,(anonymous_0)
FNF:1
FNH:0
FNDA:0,(anonymous_0)
DA:11,0
DA:12,0
DA:17,0
LF:3
LH:0
BRF:0
BRH:0
end_of_record
TN:
SF:src/components/molecules/cards/bookCards.tsx
FN:22,(anonymous_0)
FN:44,(anonymous_1)
FN:64,(anonymous_2)
FN:72,(anonymous_3)
FNF:4
FNH:4
FNDA:9,(anonymous_0)
FNDA:1,(anonymous_1)
FNDA:2,(anonymous_2)
FNDA:2,(anonymous_3)
DA:22,2
DA:23,9
DA:24,9
DA:25,9
DA:26,4
DA:27,4
DA:28,5
DA:29,0
DA:31,9
DA:44,1
DA:64,2
DA:72,2
LF:12
LH:11
BRDA:25,0,0,4
BRDA:25,0,1,5
BRDA:25,1,0,9
BRDA:25,1,1,6
BRDA:28,2,0,0
BRDA:28,2,1,5
BRDA:28,3,0,5
BRDA:28,3,1,0
BRDA:41,4,0,1
BRDA:41,4,1,8
BRDA:42,5,0,1
BRDA:42,5,1,0
BRDA:44,6,0,1
BRDA:44,6,1,0
BRDA:62,7,0,5
BRDA:62,7,1,3
BRDA:64,8,0,2
BRDA:64,8,1,0
BRDA:72,9,0,2
BRDA:72,9,1,0
BRF:20
BRH:14
end_of_record
TN:
SF:src/components/molecules/extendedNav/extendednav.stories.tsx
FN:17,(anonymous_0)
FNF:1
FNH:0
FNDA:0,(anonymous_0)
DA:17,0
LF:1
LH:0
BRF:0
BRH:0
end_of_record
TN:
SF:src/components/molecules/extendedNav/extendednav.tsx
FN:15,ExtendedNav
FNF:1
FNH:0
FNDA:0,ExtendedNav
DA:7,0
DA:16,0
DA:17,0
LF:3
LH:0
BRF:0
BRH:0
end_of_record
TN:
SF:src/components/molecules/navItems/navItems.stories.tsx
FN:9,(anonymous_0)
FN:15,(anonymous_1)
FNF:2
FNH:0
FNDA:0,(anonymous_0)
FNDA:0,(anonymous_1)
DA:9,0
DA:10,0
DA:13,0
DA:15,0
DA:16,0
DA:18,0
DA:26,0
DA:27,0
LF:8
LH:0
BRF:0
BRH:0
end_of_record
TN:
SF:src/components/molecules/navItems/navItems.tsx
FN:15,(anonymous_0)
FN:22,(anonymous_1)
FN:32,(anonymous_2)
FNF:3
FNH:2
FNDA:97,(anonymous_0)
FNDA:4,(anonymous_1)
FNDA:0,(anonymous_2)
DA:15,6
DA:16,97
DA:17,97
DA:18,64
DA:20,97
DA:22,4
DA:31,6
LF:7
LH:7
BRDA:17,0,0,64
BRDA:17,0,1,33
BRDA:22,1,0,4
BRDA:22,1,1,0
BRDA:23,2,0,73
BRDA:23,2,1,24
BRDA:25,3,0,11
BRDA:25,3,1,86
BRF:8
BRH:7
end_of_record
TN:
SF:src/components/molecules/searchBar/searchBar.stories.tsx
FN:9,(anonymous_0)
FNF:1
FNH:0
FNDA:0,(anonymous_0)
DA:9,0
DA:10,0
DA:13,0
LF:3
LH:0
BRF:0
BRH:0
end_of_record
TN:
SF:src/components/molecules/searchBar/searchBars.tsx
FN:8,(anonymous_0)
FNF:1
FNH:1
FNDA:1,(anonymous_0)
DA:8,1
DA:9,1
LF:2
LH:2
BRF:0
BRH:0
end_of_record
TN:
SF:src/components/molecules/tabs/tabs.stories.tsx
FN:9,(anonymous_0)
FNF:1
FNH:0
FNDA:0,(anonymous_0)
DA:9,0
DA:10,0
DA:13,0
LF:3
LH:0
BRF:0
BRH:0
end_of_record
TN:
SF:src/components/molecules/tabs/tabs.tsx
FN:11,(anonymous_0)
FN:13,(anonymous_1)
FNF:2
FNH:2
FNDA:5,(anonymous_0)
FNDA:1,(anonymous_1)
DA:11,2
DA:12,5
DA:13,1
LF:3
LH:3
BRDA:13,0,0,1
BRDA:13,0,1,4
BRDA:13,1,0,1
BRDA:13,1,1,0
BRF:4
BRH:3
end_of_record
TN:
SF:src/components/organisms/banner/banner.stories.tsx
FN:8,(anonymous_0)
FNF:1
FNH:0
FNDA:0,(anonymous_0)
DA:8,0
DA:9,0
LF:2
LH:0
BRF:0
BRH:0
end_of_record
TN:
SF:src/components/organisms/banner/banner.tsx
FN:7,(anonymous_0)
FNF:1
FNH:1
FNDA:2,(anonymous_0)
DA:7,1
DA:8,2
LF:2
LH:2
BRF:0
BRH:0
end_of_record
TN:
SF:src/components/organisms/bookView/bookView.stories.tsx
FN:10,(anonymous_0)
FNF:1
FNH:0
FNDA:0,(anonymous_0)
DA:10,0
DA:11,0
LF:2
LH:0
BRF:0
BRH:0
end_of_record
TN:
SF:src/components/organisms/bookView/bookView.tsx
FN:14,(anonymous_0)
FN:26,(anonymous_1)
FN:28,(anonymous_2)
FNF:3
FNH:1
FNDA:1,(anonymous_0)
FNDA:0,(anonymous_1)
FNDA:0,(anonymous_2)
DA:14,1
DA:15,1
DA:16,1
LF:3
LH:3
BRDA:26,0,0,0
BRDA:26,0,1,1
BRDA:28,1,0,0
BRDA:28,1,1,1
BRF:4
BRH:2
end_of_record
TN:
SF:src/components/organisms/cardGrid/cardGrid.stories.tsx
FN:12,(anonymous_0)
FNF:1
FNH:0
FNDA:0,(anonymous_0)
DA:12,0
DA:13,0
DA:71,0
LF:3
LH:0
BRF:0
BRH:0
end_of_record
TN:
SF:src/components/organisms/cardGrid/cardGrid.tsx
FN:10,(anonymous_0)
FN:12,(anonymous_1)
FN:25,(anonymous_2)
FN:26,(anonymous_3)
FNF:4
FNH:4
FNDA:3,(anonymous_0)
FNDA:3,(anonymous_1)
FNDA:1,(anonymous_2)
FNDA:1,(anonymous_3)
DA:10,1
DA:12,3
DA:14,3
DA:25,1
DA:26,1
DA:29,3
LF:6
LH:6
BRDA:25,0,0,1
BRDA:25,0,1,0
BRDA:26,1,0,1
BRDA:26,1,1,0
BRF:4
BRH:2
end_of_record
TN:
SF:src/components/organisms/footer/footer.stories.tsx
FN:9,(anonymous_0)
FNF:1
FNH:0
FNDA:0,(anonymous_0)
DA:9,0
DA:10,0
LF:2
LH:0
BRF:0
BRH:0
end_of_record
TN:
SF:src/components/organisms/footer/footer.tsx
FN:6,(anonymous_0)
FNF:1
FNH:1
FNDA:1,(anonymous_0)
DA:6,1
DA:7,1
LF:2
LH:2
BRF:0
BRH:0
end_of_record
TN:
SF:src/components/organisms/header/header.stories.tsx
FN:9,(anonymous_0)
FN:16,(anonymous_1)
FN:17,(anonymous_2)
FNF:3
FNH:0
FNDA:0,(anonymous_0)
FNDA:0,(anonymous_1)
FNDA:0,(anonymous_2)
DA:9,0
DA:10,0
DA:14,0
LF:3
LH:0
BRF:0
BRH:0
end_of_record
TN:
SF:src/components/organisms/header/header.tsx
FN:17,(anonymous_0)
FN:19,(anonymous_1)
FN:21,LogoutButton
FN:24,(anonymous_3)
FN:30,(anonymous_4)
FN:39,(anonymous_5)
FN:40,(anonymous_6)
FN:46,(anonymous_7)
FN:58,(anonymous_8)
FN:78,(anonymous_9)
FNF:10
FNH:3
FNDA:0,(anonymous_0)
FNDA:0,(anonymous_1)
FNDA:0,LogoutButton
FNDA:0,(anonymous_3)
FNDA:4,(anonymous_4)
FNDA:1,(anonymous_5)
FNDA:1,(anonymous_6)
FNDA:0,(anonymous_7)
FNDA:0,(anonymous_8)
FNDA:0,(anonymous_9)
DA:17,1
DA:18,0
DA:19,0
DA:22,0
DA:23,0
DA:24,0
DA:30,1
DA:31,4
DA:32,4
DA:39,1
DA:40,1
DA:46,0
DA:58,0
LF:13
LH:6
BRDA:39,0,0,1
BRDA:39,0,1,3
BRDA:39,1,0,1
BRDA:39,1,1,0
BRDA:40,2,0,1
BRDA:40,2,1,0
BRDA:43,3,0,4
BRDA:43,3,1,0
BRDA:46,4,0,0
BRDA:46,4,1,4
BRDA:47,5,0,0
BRDA:47,5,1,4
BRDA:49,6,0,0
BRDA:49,6,1,0
BRDA:60,7,0,0
BRDA:60,7,1,0
BRDA:63,8,0,0
BRDA:63,8,1,0
BRDA:65,9,0,0
BRDA:65,9,1,0
BRDA:76,10,0,1
BRDA:76,10,1,3
BRDA:78,11,0,0
BRDA:78,11,1,1
BRF:24
BRH:10
end_of_record
TN:
SF:src/components/organisms/toolBar/toolbar.stories.tsx
FN:9,(anonymous_0)
FNF:1
FNH:0
FNDA:0,(anonymous_0)
DA:9,0
DA:10,0
DA:14,0
LF:3
LH:0
BRF:0
BRH:0
end_of_record
TN:
SF:src/components/organisms/toolBar/toolbar.tsx
FN:7,(anonymous_0)
FN:20,(anonymous_1)
FNF:2
FNH:2
FNDA:3,(anonymous_0)
FNDA:1,(anonymous_1)
DA:7,2
DA:8,3
DA:20,1
LF:3
LH:3
BRF:0
BRH:0
end_of_record
TN:
SF:src/stories/Button.stories.tsx
FN:17,(anonymous_0)
FNF:1
FNH:0
FNDA:0,(anonymous_0)
DA:17,0
DA:19,0
DA:21,0
DA:26,0
DA:27,0
DA:31,0
DA:32,0
DA:37,0
DA:38,0
LF:9
LH:0
BRF:0
BRH:0
end_of_record
TN:
SF:src/stories/Button.tsx
FN:30,(anonymous_0)
FNF:1
FNH:0
FNDA:0,(anonymous_0)
DA:30,0
DA:37,0
DA:38,0
LF:3
LH:0
BRDA:31,0,0,0
BRDA:32,1,0,0
BRDA:37,2,0,0
BRDA:37,2,1,0
BRF:4
BRH:0
end_of_record
TN:
SF:src/stories/Header.stories.tsx
FN:15,(anonymous_0)
FNF:1
FNH:0
FNDA:0,(anonymous_0)
DA:15,0
DA:17,0
DA:18,0
DA:24,0
DA:25,0
LF:5
LH:0
BRF:0
BRH:0
end_of_record
TN:
SF:src/stories/Header.tsx
FN:17,(anonymous_0)
FNF:1
FNH:0
FNDA:0,(anonymous_0)
DA:17,0
DA:18,0
LF:2
LH:0
BRDA:40,0,0,0
BRDA:40,0,1,0
BRF:2
BRH:0
end_of_record
TN:
SF:src/stories/Page.stories.tsx
FN:15,(anonymous_0)
FN:22,(anonymous_1)
FNF:2
FNH:0
FNDA:0,(anonymous_0)
FNDA:0,(anonymous_1)
DA:15,0
DA:17,0
DA:19,0
DA:22,0
DA:23,0
DA:24,0
DA:25,0
LF:7
LH:0
BRF:0
BRH:0
end_of_record
TN:
SF:src/stories/Page.tsx
FN:10,(anonymous_0)
FN:17,(anonymous_1)
FN:18,(anonymous_2)
FN:19,(anonymous_3)
FNF:4
FNH:0
FNDA:0,(anonymous_0)
FNDA:0,(anonymous_1)
FNDA:0,(anonymous_2)
FNDA:0,(anonymous_3)
DA:10,0
DA:11,0
DA:13,0
DA:17,0
DA:18,0
DA:19,0
LF:6
LH:0
BRF:0
BRH:0
end_of_record
